{"/home/travis/build/npmtest/node-npmtest-node-gyp/test.js":{"path":"/home/travis/build/npmtest/node-npmtest-node-gyp/test.js","s":{"1":2,"2":2,"3":2,"4":2,"5":2,"6":2,"7":2,"8":1,"9":2,"10":2,"11":1,"12":1,"13":1,"14":1,"15":2,"16":2,"17":2,"18":2,"19":1,"20":1,"21":2,"22":2,"23":2,"24":1,"25":1,"26":1,"27":1,"28":1,"29":1,"30":1,"31":1,"32":1,"33":1,"34":1,"35":1,"36":1,"37":2,"38":2,"39":1,"40":2,"41":2,"42":1,"43":2,"44":2,"45":1,"46":2,"47":2,"48":1,"49":1,"50":1,"51":1,"52":1},"b":{"1":[2,1,1,1],"2":[1,1,1,1],"3":[1,1],"4":[1,1],"5":[1,1],"6":[1,1],"7":[1,1],"8":[1,1],"9":[1,1,1],"10":[1,1],"11":[1,1],"12":[1,1],"13":[1,1],"14":[1,1],"15":[1,1],"16":[1,1]},"f":{"1":2,"2":2,"3":2,"4":2,"5":2,"6":1,"7":1,"8":2,"9":2,"10":2,"11":2,"12":1},"fnMap":{"1":{"name":"(anonymous_1)","line":12,"loc":{"start":{"line":12,"column":1},"end":{"line":12,"column":13}}},"2":{"name":"(anonymous_2)","line":19,"loc":{"start":{"line":19,"column":5},"end":{"line":19,"column":17}}},"3":{"name":"(anonymous_3)","line":23,"loc":{"start":{"line":23,"column":24},"end":{"line":23,"column":36}}},"4":{"name":"(anonymous_4)","line":61,"loc":{"start":{"line":61,"column":5},"end":{"line":61,"column":17}}},"5":{"name":"(anonymous_5)","line":82,"loc":{"start":{"line":82,"column":5},"end":{"line":82,"column":17}}},"6":{"name":"(anonymous_6)","line":102,"loc":{"start":{"line":102,"column":83},"end":{"line":105,"column":10}},"skip":true},"7":{"name":"(anonymous_7)","line":113,"loc":{"start":{"line":113,"column":77},"end":{"line":116,"column":10}},"skip":true},"8":{"name":"(anonymous_8)","line":129,"loc":{"start":{"line":129,"column":12},"end":{"line":129,"column":40}},"skip":true},"9":{"name":"(anonymous_9)","line":137,"loc":{"start":{"line":137,"column":77},"end":{"line":140,"column":10}},"skip":true},"10":{"name":"(anonymous_10)","line":148,"loc":{"start":{"line":148,"column":83},"end":{"line":151,"column":10}},"skip":true},"11":{"name":"(anonymous_11)","line":159,"loc":{"start":{"line":159,"column":79},"end":{"line":162,"column":10}},"skip":true},"12":{"name":"(anonymous_12)","line":170,"loc":{"start":{"line":170,"column":75},"end":{"line":173,"column":10}},"skip":true}},"statementMap":{"1":{"start":{"line":12,"column":0},"end":{"line":185,"column":5}},"2":{"start":{"line":14,"column":4},"end":{"line":14,"column":14}},"3":{"start":{"line":19,"column":4},"end":{"line":56,"column":9}},"4":{"start":{"line":21,"column":8},"end":{"line":21,"column":19}},"5":{"start":{"line":23,"column":8},"end":{"line":35,"column":13}},"6":{"start":{"line":24,"column":12},"end":{"line":34,"column":13}},"7":{"start":{"line":25,"column":16},"end":{"line":28,"column":30}},"8":{"start":{"line":30,"column":16},"end":{"line":33,"column":27}},"9":{"start":{"line":37,"column":8},"end":{"line":39,"column":21}},"10":{"start":{"line":40,"column":8},"end":{"line":53,"column":9}},"11":{"start":{"line":43,"column":12},"end":{"line":46,"column":14}},"12":{"start":{"line":47,"column":12},"end":{"line":47,"column":18}},"13":{"start":{"line":50,"column":12},"end":{"line":51,"column":46}},"14":{"start":{"line":52,"column":12},"end":{"line":52,"column":18}},"15":{"start":{"line":55,"column":8},"end":{"line":55,"column":35}},"16":{"start":{"line":61,"column":4},"end":{"line":63,"column":9}},"17":{"start":{"line":62,"column":8},"end":{"line":62,"column":15}},"18":{"start":{"line":64,"column":4},"end":{"line":77,"column":5}},"19":{"start":{"line":70,"column":8},"end":{"line":70,"column":14}},"20":{"start":{"line":76,"column":8},"end":{"line":76,"column":14}},"21":{"start":{"line":82,"column":4},"end":{"line":84,"column":9}},"22":{"start":{"line":83,"column":8},"end":{"line":83,"column":15}},"23":{"start":{"line":85,"column":4},"end":{"line":184,"column":5}},"24":{"start":{"line":92,"column":8},"end":{"line":94,"column":63}},"25":{"start":{"line":95,"column":8},"end":{"line":95,"column":14}},"26":{"start":{"line":102,"column":8},"end":{"line":111,"column":10},"skip":true},"27":{"start":{"line":109,"column":12},"end":{"line":109,"column":55},"skip":true},"28":{"start":{"line":110,"column":12},"end":{"line":110,"column":48},"skip":true},"29":{"start":{"line":113,"column":8},"end":{"line":126,"column":10},"skip":true},"30":{"start":{"line":120,"column":12},"end":{"line":120,"column":76},"skip":true},"31":{"start":{"line":121,"column":12},"end":{"line":121,"column":73},"skip":true},"32":{"start":{"line":122,"column":12},"end":{"line":122,"column":74},"skip":true},"33":{"start":{"line":123,"column":12},"end":{"line":123,"column":79},"skip":true},"34":{"start":{"line":124,"column":12},"end":{"line":124,"column":25},"skip":true},"35":{"start":{"line":125,"column":12},"end":{"line":125,"column":45},"skip":true},"36":{"start":{"line":128,"column":8},"end":{"line":135,"column":14},"skip":true},"37":{"start":{"line":133,"column":16},"end":{"line":133,"column":29},"skip":true},"38":{"start":{"line":134,"column":16},"end":{"line":134,"column":55},"skip":true},"39":{"start":{"line":137,"column":8},"end":{"line":146,"column":10},"skip":true},"40":{"start":{"line":144,"column":12},"end":{"line":144,"column":25},"skip":true},"41":{"start":{"line":145,"column":12},"end":{"line":145,"column":45},"skip":true},"42":{"start":{"line":148,"column":8},"end":{"line":157,"column":10},"skip":true},"43":{"start":{"line":155,"column":12},"end":{"line":155,"column":25},"skip":true},"44":{"start":{"line":156,"column":12},"end":{"line":156,"column":48},"skip":true},"45":{"start":{"line":159,"column":8},"end":{"line":168,"column":10},"skip":true},"46":{"start":{"line":166,"column":12},"end":{"line":166,"column":25},"skip":true},"47":{"start":{"line":167,"column":12},"end":{"line":167,"column":46},"skip":true},"48":{"start":{"line":170,"column":8},"end":{"line":179,"column":10},"skip":true},"49":{"start":{"line":177,"column":12},"end":{"line":177,"column":94},"skip":true},"50":{"start":{"line":178,"column":12},"end":{"line":178,"column":48},"skip":true},"51":{"start":{"line":182,"column":8},"end":{"line":182,"column":35},"skip":true},"52":{"start":{"line":183,"column":8},"end":{"line":183,"column":14},"skip":true}},"branchMap":{"1":{"line":25,"type":"binary-expr","locations":[{"start":{"line":25,"column":23},"end":{"line":25,"column":62}},{"start":{"line":26,"column":20},"end":{"line":26,"column":70}},{"start":{"line":27,"column":20},"end":{"line":27,"column":71}},{"start":{"line":28,"column":20},"end":{"line":28,"column":29}}]},"2":{"line":30,"type":"binary-expr","locations":[{"start":{"line":30,"column":23},"end":{"line":30,"column":37}},{"start":{"line":31,"column":20},"end":{"line":31,"column":61}},{"start":{"line":32,"column":20},"end":{"line":32,"column":70}},{"start":{"line":33,"column":20},"end":{"line":33,"column":26}}]},"3":{"line":37,"type":"cond-expr","locations":[{"start":{"line":38,"column":14},"end":{"line":38,"column":20}},{"start":{"line":39,"column":14},"end":{"line":39,"column":20}}]},"4":{"line":40,"type":"switch","locations":[{"start":{"line":42,"column":8},"end":{"line":47,"column":18}},{"start":{"line":49,"column":8},"end":{"line":52,"column":18}}]},"5":{"line":44,"type":"binary-expr","locations":[{"start":{"line":44,"column":16},"end":{"line":44,"column":44}},{"start":{"line":44,"column":48},"end":{"line":44,"column":66}}]},"6":{"line":50,"type":"binary-expr","locations":[{"start":{"line":50,"column":21},"end":{"line":50,"column":49}},{"start":{"line":50,"column":53},"end":{"line":50,"column":72}}]},"7":{"line":64,"type":"switch","locations":[{"start":{"line":69,"column":4},"end":{"line":70,"column":14}},{"start":{"line":75,"column":4},"end":{"line":76,"column":14}}]},"8":{"line":85,"type":"switch","locations":[{"start":{"line":90,"column":4},"end":{"line":95,"column":14}},{"start":{"line":101,"column":4},"end":{"line":183,"column":14},"skip":true}]},"9":{"line":92,"type":"binary-expr","locations":[{"start":{"line":92,"column":18},"end":{"line":92,"column":32}},{"start":{"line":93,"column":12},"end":{"line":93,"column":53}},{"start":{"line":94,"column":12},"end":{"line":94,"column":61}}]},"10":{"line":102,"type":"binary-expr","locations":[{"start":{"line":102,"column":45},"end":{"line":102,"column":79},"skip":true},{"start":{"line":102,"column":83},"end":{"line":111,"column":9},"skip":true}]},"11":{"line":113,"type":"binary-expr","locations":[{"start":{"line":113,"column":42},"end":{"line":113,"column":73},"skip":true},{"start":{"line":113,"column":77},"end":{"line":126,"column":9},"skip":true}]},"12":{"line":128,"type":"binary-expr","locations":[{"start":{"line":128,"column":48},"end":{"line":128,"column":85},"skip":true},{"start":{"line":129,"column":12},"end":{"line":135,"column":13},"skip":true}]},"13":{"line":137,"type":"binary-expr","locations":[{"start":{"line":137,"column":42},"end":{"line":137,"column":73},"skip":true},{"start":{"line":137,"column":77},"end":{"line":146,"column":9},"skip":true}]},"14":{"line":148,"type":"binary-expr","locations":[{"start":{"line":148,"column":45},"end":{"line":148,"column":79},"skip":true},{"start":{"line":148,"column":83},"end":{"line":157,"column":9},"skip":true}]},"15":{"line":159,"type":"binary-expr","locations":[{"start":{"line":159,"column":43},"end":{"line":159,"column":75},"skip":true},{"start":{"line":159,"column":79},"end":{"line":168,"column":9},"skip":true}]},"16":{"line":170,"type":"binary-expr","locations":[{"start":{"line":170,"column":41},"end":{"line":170,"column":71},"skip":true},{"start":{"line":170,"column":75},"end":{"line":179,"column":9},"skip":true}]}},"code":["/* istanbul instrument in package npmtest_node_gyp */","/*jslint","    bitwise: true,","    browser: true,","    maxerr: 8,","    maxlen: 96,","    node: true,","    nomen: true,","    regexp: true,","    stupid: true","*/","(function () {","    'use strict';","    var local;","","","","    // run shared js-env code - pre-init","    (function () {","        // init local","        local = {};","        // init modeJs","        local.modeJs = (function () {","            try {","                return typeof navigator.userAgent === 'string' &&","                    typeof document.querySelector('body') === 'object' &&","                    typeof XMLHttpRequest.prototype.open === 'function' &&","                    'browser';","            } catch (errorCaughtBrowser) {","                return module.exports &&","                    typeof process.versions.node === 'string' &&","                    typeof require('http').createServer === 'function' &&","                    'node';","            }","        }());","        // init global","        local.global = local.modeJs === 'browser'","            ? window","            : global;","        switch (local.modeJs) {","        // re-init local from window.local","        case 'browser':","            local = local.global.utility2.objectSetDefault(","                local.global.utility2_rollup || local.global.local,","                local.global.utility2","            );","            break;","        // re-init local from example.js","        case 'node':","            local = (local.global.utility2_rollup || require('utility2'))","                .requireExampleJsFromReadme();","            break;","        }","        // export local","        local.global.local = local;","    }());","","","","    // run shared js-env code - function","    (function () {","        return;","    }());","    switch (local.modeJs) {","","","","    // run browser js-env code - function","    case 'browser':","        break;","","","","    // run node js-env code - function","    case 'node':","        break;","    }","","","","    // run shared js-env code - post-init","    (function () {","        return;","    }());","    switch (local.modeJs) {","","","","    // run browser js-env code - post-init","    case 'browser':","        // run tests","        local.nop(local.modeTest &&","            document.querySelector('#testRunButton1') &&","            document.querySelector('#testRunButton1').click());","        break;","","","","    // run node js-env code - post-init","    /* istanbul ignore next */","    case 'node':","        local.testCase_buildApidoc_default = local.testCase_buildApidoc_default || function (","            options,","            onError","        ) {","        /*","         * this function will test buildApidoc's default handling-behavior-behavior","         */","            options = { modulePathList: module.paths };","            local.buildApidoc(options, onError);","        };","","        local.testCase_buildApp_default = local.testCase_buildApp_default || function (","            options,","            onError","        ) {","        /*","         * this function will test buildApp's default handling-behavior-behavior","         */","            local.testCase_buildReadme_default(options, local.onErrorThrow);","            local.testCase_buildLib_default(options, local.onErrorThrow);","            local.testCase_buildTest_default(options, local.onErrorThrow);","            local.testCase_buildCustomOrg_default(options, local.onErrorThrow);","            options = [];","            local.buildApp(options, onError);","        };","","        local.testCase_buildCustomOrg_default = local.testCase_buildCustomOrg_default ||","            function (options, onError) {","            /*","             * this function will test buildCustomOrg's default handling-behavior","             */","                options = {};","                local.buildCustomOrg(options, onError);","            };","","        local.testCase_buildLib_default = local.testCase_buildLib_default || function (","            options,","            onError","        ) {","        /*","         * this function will test buildLib's default handling-behavior","         */","            options = {};","            local.buildLib(options, onError);","        };","","        local.testCase_buildReadme_default = local.testCase_buildReadme_default || function (","            options,","            onError","        ) {","        /*","         * this function will test buildReadme's default handling-behavior-behavior","         */","            options = {};","            local.buildReadme(options, onError);","        };","","        local.testCase_buildTest_default = local.testCase_buildTest_default || function (","            options,","            onError","        ) {","        /*","         * this function will test buildTest's default handling-behavior","         */","            options = {};","            local.buildTest(options, onError);","        };","","        local.testCase_webpage_default = local.testCase_webpage_default || function (","            options,","            onError","        ) {","        /*","         * this function will test webpage's default handling-behavior","         */","            options = { modeCoverageMerge: true, url: local.serverLocalHost + '?modeTest=1' };","            local.browserTest(options, onError);","        };","","        // run test-server","        local.testRunServer(local);","        break;","    }","}());",""],"l":{"12":2,"14":2,"19":2,"21":2,"23":2,"24":2,"25":2,"30":1,"37":2,"40":2,"43":1,"47":1,"50":1,"52":1,"55":2,"61":2,"62":2,"64":2,"70":1,"76":1,"82":2,"83":2,"85":2,"92":1,"95":1,"102":1,"109":1,"110":1,"113":1,"120":1,"121":1,"122":1,"123":1,"124":1,"125":1,"128":1,"133":2,"134":2,"137":1,"144":2,"145":2,"148":1,"155":2,"156":2,"159":1,"166":2,"167":2,"170":1,"177":1,"178":1,"182":1,"183":1}},"/home/travis/build/npmtest/node-npmtest-node-gyp/lib.npmtest_node_gyp.js":{"path":"/home/travis/build/npmtest/node-npmtest-node-gyp/lib.npmtest_node_gyp.js","s":{"1":2,"2":2,"3":2,"4":2,"5":2,"6":2,"7":2,"8":1,"9":2,"10":2,"11":2,"12":2,"13":1,"14":1,"15":1,"16":1},"b":{"1":[2,1,1,1],"2":[1,1,1,1],"3":[1,1],"4":[2,2],"5":[1,1]},"f":{"1":2,"2":2,"3":2},"fnMap":{"1":{"name":"(anonymous_1)","line":12,"loc":{"start":{"line":12,"column":1},"end":{"line":12,"column":13}}},"2":{"name":"(anonymous_2)","line":19,"loc":{"start":{"line":19,"column":5},"end":{"line":19,"column":17}}},"3":{"name":"(anonymous_3)","line":23,"loc":{"start":{"line":23,"column":24},"end":{"line":23,"column":36}}}},"statementMap":{"1":{"start":{"line":12,"column":0},"end":{"line":53,"column":5}},"2":{"start":{"line":14,"column":4},"end":{"line":14,"column":14}},"3":{"start":{"line":19,"column":4},"end":{"line":52,"column":9}},"4":{"start":{"line":21,"column":8},"end":{"line":21,"column":19}},"5":{"start":{"line":23,"column":8},"end":{"line":35,"column":13}},"6":{"start":{"line":24,"column":12},"end":{"line":34,"column":13}},"7":{"start":{"line":25,"column":16},"end":{"line":28,"column":30}},"8":{"start":{"line":30,"column":16},"end":{"line":33,"column":27}},"9":{"start":{"line":37,"column":8},"end":{"line":39,"column":21}},"10":{"start":{"line":41,"column":8},"end":{"line":41,"column":54}},"11":{"start":{"line":43,"column":8},"end":{"line":43,"column":53}},"12":{"start":{"line":45,"column":8},"end":{"line":51,"column":9}},"13":{"start":{"line":46,"column":12},"end":{"line":46,"column":59}},"14":{"start":{"line":48,"column":12},"end":{"line":48,"column":35}},"15":{"start":{"line":49,"column":12},"end":{"line":49,"column":49}},"16":{"start":{"line":50,"column":12},"end":{"line":50,"column":43}}},"branchMap":{"1":{"line":25,"type":"binary-expr","locations":[{"start":{"line":25,"column":23},"end":{"line":25,"column":62}},{"start":{"line":26,"column":20},"end":{"line":26,"column":70}},{"start":{"line":27,"column":20},"end":{"line":27,"column":71}},{"start":{"line":28,"column":20},"end":{"line":28,"column":29}}]},"2":{"line":30,"type":"binary-expr","locations":[{"start":{"line":30,"column":23},"end":{"line":30,"column":37}},{"start":{"line":31,"column":20},"end":{"line":31,"column":61}},{"start":{"line":32,"column":20},"end":{"line":32,"column":70}},{"start":{"line":33,"column":20},"end":{"line":33,"column":26}}]},"3":{"line":37,"type":"cond-expr","locations":[{"start":{"line":38,"column":14},"end":{"line":38,"column":20}},{"start":{"line":39,"column":14},"end":{"line":39,"column":20}}]},"4":{"line":41,"type":"binary-expr","locations":[{"start":{"line":41,"column":16},"end":{"line":41,"column":44}},{"start":{"line":41,"column":48},"end":{"line":41,"column":53}}]},"5":{"line":45,"type":"if","locations":[{"start":{"line":45,"column":8},"end":{"line":45,"column":8}},{"start":{"line":45,"column":8},"end":{"line":45,"column":8}}]}},"code":["/* istanbul instrument in package npmtest_node_gyp */","/*jslint","    bitwise: true,","    browser: true,","    maxerr: 8,","    maxlen: 96,","    node: true,","    nomen: true,","    regexp: true,","    stupid: true","*/","(function () {","    'use strict';","    var local;","","","","    // run shared js-env code - pre-init","    (function () {","        // init local","        local = {};","        // init modeJs","        local.modeJs = (function () {","            try {","                return typeof navigator.userAgent === 'string' &&","                    typeof document.querySelector('body') === 'object' &&","                    typeof XMLHttpRequest.prototype.open === 'function' &&","                    'browser';","            } catch (errorCaughtBrowser) {","                return module.exports &&","                    typeof process.versions.node === 'string' &&","                    typeof require('http').createServer === 'function' &&","                    'node';","            }","        }());","        // init global","        local.global = local.modeJs === 'browser'","            ? window","            : global;","        // init utility2_rollup","        local = local.global.utility2_rollup || local;","        // init lib","        local.local = local.npmtest_node_gyp = local;","        // init exports","        if (local.modeJs === 'browser') {","            local.global.utility2_npmtest_node_gyp = local;","        } else {","            module.exports = local;","            module.exports.__dirname = __dirname;","            module.exports.module = module;","        }","    }());","}());",""],"l":{"12":2,"14":2,"19":2,"21":2,"23":2,"24":2,"25":2,"30":1,"37":2,"41":2,"43":2,"45":2,"46":1,"48":1,"49":1,"50":1}},"/home/travis/build/npmtest/node-npmtest-node-gyp/example.js":{"path":"/home/travis/build/npmtest/node-npmtest-node-gyp/example.js","s":{"1":2,"2":2,"3":2,"4":2,"5":2,"6":2,"7":2,"8":1,"9":2,"10":2,"11":2,"12":2,"13":1,"14":2,"15":2,"16":2,"17":2,"18":2,"19":0,"20":2,"21":1,"22":1,"23":1,"24":1,"25":1,"26":0,"27":0,"28":1,"29":1,"30":2,"31":0,"32":0,"33":0,"34":1,"35":2,"36":2,"37":2,"38":2,"39":2,"40":2,"41":0,"42":2,"43":2,"44":2,"45":1,"46":3,"47":1,"48":1,"49":1,"50":1,"51":1,"52":1,"53":1,"54":1,"55":1,"56":1,"57":0,"58":1,"59":6,"60":6,"61":1,"62":2,"63":0,"64":2,"65":1,"66":1,"67":0,"68":0,"69":0,"70":0,"71":0,"72":0,"73":0,"74":0,"75":0,"76":0,"77":0,"78":0,"79":0,"80":0,"81":0,"82":0,"83":0},"b":{"1":[2,1,1,1],"2":[1,1,1,1],"3":[1,1],"4":[2,2],"5":[1,1],"6":[1,1],"7":[2,0],"8":[2,1,1,1,1,1],"9":[0,2,0],"10":[1,1],"11":[2,1,1],"12":[1,0],"13":[0,2],"14":[2,0,0,0,0,0,0],"15":[0,2],"16":[2,0],"17":[1,1],"18":[0,1],"19":[1,2,0,2],"20":[1,0],"21":[1,1],"22":[0,0],"23":[0,0],"24":[0,0],"25":[0,0],"26":[0,0],"27":[0,0],"28":[0,0]},"f":{"1":2,"2":2,"3":2,"4":2,"5":2,"6":2,"7":2,"8":2,"9":3,"10":1,"11":6,"12":0},"fnMap":{"1":{"name":"(anonymous_1)","line":26,"loc":{"start":{"line":26,"column":1},"end":{"line":26,"column":13}}},"2":{"name":"(anonymous_2)","line":33,"loc":{"start":{"line":33,"column":5},"end":{"line":33,"column":17}}},"3":{"name":"(anonymous_3)","line":37,"loc":{"start":{"line":37,"column":24},"end":{"line":37,"column":36}}},"4":{"name":"(anonymous_4)","line":69,"loc":{"start":{"line":69,"column":31},"end":{"line":69,"column":48}},"skip":true},"5":{"name":"(anonymous_5)","line":78,"loc":{"start":{"line":78,"column":26},"end":{"line":78,"column":45}},"skip":true},"6":{"name":"(anonymous_6)","line":123,"loc":{"start":{"line":123,"column":33},"end":{"line":123,"column":48}},"skip":true},"7":{"name":"(anonymous_7)","line":125,"loc":{"start":{"line":125,"column":27},"end":{"line":125,"column":39}},"skip":true},"8":{"name":"(anonymous_8)","line":133,"loc":{"start":{"line":133,"column":59},"end":{"line":133,"column":74}},"skip":true},"9":{"name":"(anonymous_9)","line":143,"loc":{"start":{"line":143,"column":45},"end":{"line":143,"column":62}},"skip":true},"10":{"name":"(anonymous_10)","line":144,"loc":{"start":{"line":144,"column":73},"end":{"line":144,"column":92}},"skip":true},"11":{"name":"(anonymous_11)","line":272,"loc":{"start":{"line":272,"column":51},"end":{"line":272,"column":77}},"skip":true},"12":{"name":"(anonymous_12)","line":314,"loc":{"start":{"line":314,"column":32},"end":{"line":314,"column":61}},"skip":true}},"statementMap":{"1":{"start":{"line":26,"column":0},"end":{"line":325,"column":5}},"2":{"start":{"line":28,"column":4},"end":{"line":28,"column":14}},"3":{"start":{"line":33,"column":4},"end":{"line":60,"column":9}},"4":{"start":{"line":35,"column":8},"end":{"line":35,"column":19}},"5":{"start":{"line":37,"column":8},"end":{"line":49,"column":13}},"6":{"start":{"line":38,"column":12},"end":{"line":48,"column":13}},"7":{"start":{"line":39,"column":16},"end":{"line":42,"column":30}},"8":{"start":{"line":44,"column":16},"end":{"line":47,"column":27}},"9":{"start":{"line":51,"column":8},"end":{"line":53,"column":21}},"10":{"start":{"line":55,"column":8},"end":{"line":57,"column":45}},"11":{"start":{"line":59,"column":8},"end":{"line":59,"column":35}},"12":{"start":{"line":61,"column":4},"end":{"line":324,"column":5}},"13":{"start":{"line":69,"column":8},"end":{"line":121,"column":10},"skip":true},"14":{"start":{"line":70,"column":12},"end":{"line":88,"column":13},"skip":true},"15":{"start":{"line":76,"column":16},"end":{"line":87,"column":19},"skip":true},"16":{"start":{"line":79,"column":20},"end":{"line":86,"column":21},"skip":true},"17":{"start":{"line":82,"column":24},"end":{"line":82,"column":43},"skip":true},"18":{"start":{"line":83,"column":24},"end":{"line":83,"column":30},"skip":true},"19":{"start":{"line":85,"column":24},"end":{"line":85,"column":49},"skip":true},"20":{"start":{"line":89,"column":12},"end":{"line":107,"column":13},"skip":true},"21":{"start":{"line":92,"column":16},"end":{"line":102,"column":17},"skip":true},"22":{"start":{"line":93,"column":20},"end":{"line":93,"column":86},"skip":true},"23":{"start":{"line":94,"column":20},"end":{"line":95,"column":45},"skip":true},"24":{"start":{"line":96,"column":20},"end":{"line":96,"column":42},"skip":true},"25":{"start":{"line":97,"column":20},"end":{"line":97,"column":48},"skip":true},"26":{"start":{"line":100,"column":20},"end":{"line":100,"column":85},"skip":true},"27":{"start":{"line":101,"column":20},"end":{"line":101,"column":96},"skip":true},"28":{"start":{"line":103,"column":16},"end":{"line":103,"column":22},"skip":true},"29":{"start":{"line":106,"column":16},"end":{"line":106,"column":22},"skip":true},"30":{"start":{"line":108,"column":12},"end":{"line":120,"column":13},"skip":true},"31":{"start":{"line":114,"column":16},"end":{"line":119,"column":17},"skip":true},"32":{"start":{"line":116,"column":20},"end":{"line":116,"column":78},"skip":true},"33":{"start":{"line":118,"column":20},"end":{"line":118,"column":47},"skip":true},"34":{"start":{"line":123,"column":8},"end":{"line":141,"column":11},"skip":true},"35":{"start":{"line":124,"column":12},"end":{"line":124,"column":54},"skip":true},"36":{"start":{"line":125,"column":12},"end":{"line":140,"column":14},"skip":true},"37":{"start":{"line":126,"column":16},"end":{"line":126,"column":28},"skip":true},"38":{"start":{"line":127,"column":16},"end":{"line":127,"column":69},"skip":true},"39":{"start":{"line":128,"column":16},"end":{"line":128,"column":75},"skip":true},"40":{"start":{"line":129,"column":16},"end":{"line":131,"column":17},"skip":true},"41":{"start":{"line":130,"column":20},"end":{"line":130,"column":27},"skip":true},"42":{"start":{"line":133,"column":16},"end":{"line":137,"column":36},"skip":true},"43":{"start":{"line":134,"column":20},"end":{"line":136,"column":55},"skip":true},"44":{"start":{"line":139,"column":16},"end":{"line":139,"column":57},"skip":true},"45":{"start":{"line":143,"column":8},"end":{"line":147,"column":11},"skip":true},"46":{"start":{"line":144,"column":12},"end":{"line":146,"column":15},"skip":true},"47":{"start":{"line":145,"column":16},"end":{"line":145,"column":70},"skip":true},"48":{"start":{"line":149,"column":8},"end":{"line":149,"column":31},"skip":true},"49":{"start":{"line":150,"column":8},"end":{"line":150,"column":14},"skip":true},"50":{"start":{"line":158,"column":8},"end":{"line":158,"column":31},"skip":true},"51":{"start":{"line":160,"column":8},"end":{"line":160,"column":33},"skip":true},"52":{"start":{"line":161,"column":8},"end":{"line":161,"column":37},"skip":true},"53":{"start":{"line":162,"column":8},"end":{"line":162,"column":35},"skip":true},"54":{"start":{"line":164,"column":8},"end":{"line":164,"column":50},"skip":true},"55":{"start":{"line":166,"column":8},"end":{"line":256,"column":2},"skip":true},"56":{"start":{"line":258,"column":8},"end":{"line":286,"column":9},"skip":true},"57":{"start":{"line":259,"column":12},"end":{"line":269,"column":14},"skip":true},"58":{"start":{"line":271,"column":12},"end":{"line":285,"column":19},"skip":true},"59":{"start":{"line":274,"column":20},"end":{"line":274,"column":35},"skip":true},"60":{"start":{"line":275,"column":20},"end":{"line":284,"column":21},"skip":true},"61":{"start":{"line":277,"column":24},"end":{"line":277,"column":64},"skip":true},"62":{"start":{"line":279,"column":24},"end":{"line":279,"column":40},"skip":true},"63":{"start":{"line":281,"column":24},"end":{"line":281,"column":40},"skip":true},"64":{"start":{"line":283,"column":24},"end":{"line":283,"column":39},"skip":true},"65":{"start":{"line":288,"column":8},"end":{"line":290,"column":9},"skip":true},"66":{"start":{"line":289,"column":12},"end":{"line":289,"column":18},"skip":true},"67":{"start":{"line":291,"column":8},"end":{"line":293,"column":54},"skip":true},"68":{"start":{"line":294,"column":8},"end":{"line":301,"column":37},"skip":true},"69":{"start":{"line":302,"column":8},"end":{"line":302,"column":82},"skip":true},"70":{"start":{"line":305,"column":8},"end":{"line":307,"column":9},"skip":true},"71":{"start":{"line":306,"column":12},"end":{"line":306,"column":82},"skip":true},"72":{"start":{"line":309,"column":8},"end":{"line":311,"column":9},"skip":true},"73":{"start":{"line":310,"column":12},"end":{"line":310,"column":18},"skip":true},"74":{"start":{"line":312,"column":8},"end":{"line":312,"column":54},"skip":true},"75":{"start":{"line":313,"column":8},"end":{"line":313,"column":69},"skip":true},"76":{"start":{"line":314,"column":8},"end":{"line":322,"column":36},"skip":true},"77":{"start":{"line":315,"column":12},"end":{"line":315,"column":61},"skip":true},"78":{"start":{"line":316,"column":12},"end":{"line":319,"column":13},"skip":true},"79":{"start":{"line":317,"column":16},"end":{"line":317,"column":75},"skip":true},"80":{"start":{"line":318,"column":16},"end":{"line":318,"column":23},"skip":true},"81":{"start":{"line":320,"column":12},"end":{"line":320,"column":38},"skip":true},"82":{"start":{"line":321,"column":12},"end":{"line":321,"column":27},"skip":true},"83":{"start":{"line":323,"column":8},"end":{"line":323,"column":14},"skip":true}},"branchMap":{"1":{"line":39,"type":"binary-expr","locations":[{"start":{"line":39,"column":23},"end":{"line":39,"column":62}},{"start":{"line":40,"column":20},"end":{"line":40,"column":70}},{"start":{"line":41,"column":20},"end":{"line":41,"column":71}},{"start":{"line":42,"column":20},"end":{"line":42,"column":29}}]},"2":{"line":44,"type":"binary-expr","locations":[{"start":{"line":44,"column":23},"end":{"line":44,"column":37}},{"start":{"line":45,"column":20},"end":{"line":45,"column":61}},{"start":{"line":46,"column":20},"end":{"line":46,"column":70}},{"start":{"line":47,"column":20},"end":{"line":47,"column":26}}]},"3":{"line":51,"type":"cond-expr","locations":[{"start":{"line":52,"column":14},"end":{"line":52,"column":20}},{"start":{"line":53,"column":14},"end":{"line":53,"column":20}}]},"4":{"line":55,"type":"binary-expr","locations":[{"start":{"line":55,"column":16},"end":{"line":55,"column":44}},{"start":{"line":55,"column":49},"end":{"line":57,"column":43}}]},"5":{"line":55,"type":"cond-expr","locations":[{"start":{"line":56,"column":14},"end":{"line":56,"column":52}},{"start":{"line":57,"column":14},"end":{"line":57,"column":43}}]},"6":{"line":61,"type":"switch","locations":[{"start":{"line":68,"column":4},"end":{"line":150,"column":14},"skip":true},{"start":{"line":156,"column":4},"end":{"line":323,"column":14},"skip":true}]},"7":{"line":70,"type":"if","locations":[{"start":{"line":70,"column":12},"end":{"line":70,"column":12},"skip":true},{"start":{"line":70,"column":12},"end":{"line":70,"column":12},"skip":true}]},"8":{"line":70,"type":"binary-expr","locations":[{"start":{"line":70,"column":16},"end":{"line":70,"column":22},"skip":true},{"start":{"line":70,"column":27},"end":{"line":70,"column":32},"skip":true},{"start":{"line":71,"column":20},"end":{"line":71,"column":39},"skip":true},{"start":{"line":72,"column":20},"end":{"line":72,"column":49},"skip":true},{"start":{"line":73,"column":20},"end":{"line":73,"column":58},"skip":true},{"start":{"line":74,"column":20},"end":{"line":74,"column":69},"skip":true}]},"9":{"line":79,"type":"switch","locations":[{"start":{"line":80,"column":20},"end":{"line":80,"column":33},"skip":true},{"start":{"line":81,"column":20},"end":{"line":83,"column":30},"skip":true},{"start":{"line":84,"column":20},"end":{"line":85,"column":49},"skip":true}]},"10":{"line":89,"type":"switch","locations":[{"start":{"line":90,"column":12},"end":{"line":103,"column":22},"skip":true},{"start":{"line":105,"column":12},"end":{"line":106,"column":22},"skip":true}]},"11":{"line":89,"type":"binary-expr","locations":[{"start":{"line":89,"column":20},"end":{"line":89,"column":25},"skip":true},{"start":{"line":89,"column":29},"end":{"line":89,"column":48},"skip":true},{"start":{"line":89,"column":52},"end":{"line":89,"column":74},"skip":true}]},"12":{"line":92,"type":"if","locations":[{"start":{"line":92,"column":16},"end":{"line":92,"column":16},"skip":true},{"start":{"line":92,"column":16},"end":{"line":92,"column":16},"skip":true}]},"13":{"line":108,"type":"if","locations":[{"start":{"line":108,"column":12},"end":{"line":108,"column":12},"skip":true},{"start":{"line":108,"column":12},"end":{"line":108,"column":12},"skip":true}]},"14":{"line":108,"type":"binary-expr","locations":[{"start":{"line":108,"column":16},"end":{"line":108,"column":61},"skip":true},{"start":{"line":108,"column":66},"end":{"line":108,"column":72},"skip":true},{"start":{"line":108,"column":77},"end":{"line":108,"column":82},"skip":true},{"start":{"line":109,"column":20},"end":{"line":109,"column":39},"skip":true},{"start":{"line":110,"column":20},"end":{"line":110,"column":49},"skip":true},{"start":{"line":111,"column":20},"end":{"line":111,"column":58},"skip":true},{"start":{"line":112,"column":20},"end":{"line":112,"column":68},"skip":true}]},"15":{"line":129,"type":"if","locations":[{"start":{"line":129,"column":16},"end":{"line":129,"column":16},"skip":true},{"start":{"line":129,"column":16},"end":{"line":129,"column":16},"skip":true}]},"16":{"line":134,"type":"cond-expr","locations":[{"start":{"line":135,"column":26},"end":{"line":135,"column":29},"skip":true},{"start":{"line":136,"column":26},"end":{"line":136,"column":54},"skip":true}]},"17":{"line":164,"type":"binary-expr","locations":[{"start":{"line":164,"column":27},"end":{"line":164,"column":43},"skip":true},{"start":{"line":164,"column":47},"end":{"line":164,"column":49},"skip":true}]},"18":{"line":258,"type":"if","locations":[{"start":{"line":258,"column":8},"end":{"line":258,"column":8},"skip":true},{"start":{"line":258,"column":8},"end":{"line":258,"column":8},"skip":true}]},"19":{"line":275,"type":"switch","locations":[{"start":{"line":276,"column":20},"end":{"line":277,"column":64},"skip":true},{"start":{"line":278,"column":20},"end":{"line":279,"column":40},"skip":true},{"start":{"line":280,"column":20},"end":{"line":281,"column":40},"skip":true},{"start":{"line":282,"column":20},"end":{"line":283,"column":39},"skip":true}]},"20":{"line":288,"type":"if","locations":[{"start":{"line":288,"column":8},"end":{"line":288,"column":8},"skip":true},{"start":{"line":288,"column":8},"end":{"line":288,"column":8},"skip":true}]},"21":{"line":288,"type":"binary-expr","locations":[{"start":{"line":288,"column":12},"end":{"line":288,"column":40},"skip":true},{"start":{"line":288,"column":44},"end":{"line":288,"column":67},"skip":true}]},"22":{"line":292,"type":"binary-expr","locations":[{"start":{"line":292,"column":12},"end":{"line":292,"column":50},"skip":true},{"start":{"line":293,"column":12},"end":{"line":293,"column":53},"skip":true}]},"23":{"line":295,"type":"binary-expr","locations":[{"start":{"line":295,"column":12},"end":{"line":295,"column":66},"skip":true},{"start":{"line":296,"column":12},"end":{"line":301,"column":36},"skip":true}]},"24":{"line":302,"type":"binary-expr","locations":[{"start":{"line":302,"column":43},"end":{"line":302,"column":75},"skip":true},{"start":{"line":302,"column":79},"end":{"line":302,"column":81},"skip":true}]},"25":{"line":305,"type":"if","locations":[{"start":{"line":305,"column":8},"end":{"line":305,"column":8},"skip":true},{"start":{"line":305,"column":8},"end":{"line":305,"column":8},"skip":true}]},"26":{"line":309,"type":"if","locations":[{"start":{"line":309,"column":8},"end":{"line":309,"column":8},"skip":true},{"start":{"line":309,"column":8},"end":{"line":309,"column":8},"skip":true}]},"27":{"line":312,"type":"binary-expr","locations":[{"start":{"line":312,"column":27},"end":{"line":312,"column":43},"skip":true},{"start":{"line":312,"column":47},"end":{"line":312,"column":53},"skip":true}]},"28":{"line":316,"type":"if","locations":[{"start":{"line":316,"column":12},"end":{"line":316,"column":12},"skip":true},{"start":{"line":316,"column":12},"end":{"line":316,"column":12},"skip":true}]}},"code":["/*","example.js","","quickstart example","","instruction","    1. save this script as example.js","    2. run the shell command:","        $ npm install npmtest-node-gyp && PORT=8081 node example.js","    3. play with the browser-demo on http://127.0.0.1:8081","*/","","","","/* istanbul instrument in package npmtest_node_gyp */","/*jslint","    bitwise: true,","    browser: true,","    maxerr: 8,","    maxlen: 96,","    node: true,","    nomen: true,","    regexp: true,","    stupid: true","*/","(function () {","    'use strict';","    var local;","","","","    // run shared js-env code - pre-init","    (function () {","        // init local","        local = {};","        // init modeJs","        local.modeJs = (function () {","            try {","                return typeof navigator.userAgent === 'string' &&","                    typeof document.querySelector('body') === 'object' &&","                    typeof XMLHttpRequest.prototype.open === 'function' &&","                    'browser';","            } catch (errorCaughtBrowser) {","                return module.exports &&","                    typeof process.versions.node === 'string' &&","                    typeof require('http').createServer === 'function' &&","                    'node';","            }","        }());","        // init global","        local.global = local.modeJs === 'browser'","            ? window","            : global;","        // init utility2_rollup","        local = local.global.utility2_rollup || (local.modeJs === 'browser'","            ? local.global.utility2_npmtest_node_gyp","            : global.utility2_moduleExports);","        // export local","        local.global.local = local;","    }());","    switch (local.modeJs) {","","","","    // post-init","    // run browser js-env code - post-init","    /* istanbul ignore next */","    case 'browser':","        local.testRunBrowser = function (event) {","            if (!event || (event &&","                    event.currentTarget &&","                    event.currentTarget.className &&","                    event.currentTarget.className.includes &&","                    event.currentTarget.className.includes('onreset'))) {","                // reset output","                Array.from(","                    document.querySelectorAll('body > .resettable')","                ).forEach(function (element) {","                    switch (element.tagName) {","                    case 'INPUT':","                    case 'TEXTAREA':","                        element.value = '';","                        break;","                    default:","                        element.textContent = '';","                    }","                });","            }","            switch (event && event.currentTarget && event.currentTarget.id) {","            case 'testRunButton1':","                // show tests","                if (document.querySelector('#testReportDiv1').style.display === 'none') {","                    document.querySelector('#testReportDiv1').style.display = 'block';","                    document.querySelector('#testRunButton1').textContent =","                        'hide internal test';","                    local.modeTest = true;","                    local.testRunDefault(local);","                // hide tests","                } else {","                    document.querySelector('#testReportDiv1').style.display = 'none';","                    document.querySelector('#testRunButton1').textContent = 'run internal test';","                }","                break;","            // custom-case","            default:","                break;","            }","            if (document.querySelector('#inputTextareaEval1') && (!event || (event &&","                    event.currentTarget &&","                    event.currentTarget.className &&","                    event.currentTarget.className.includes &&","                    event.currentTarget.className.includes('oneval')))) {","                // try to eval input-code","                try {","                    /*jslint evil: true*/","                    eval(document.querySelector('#inputTextareaEval1').value);","                } catch (errorCaught) {","                    console.error(errorCaught);","                }","            }","        };","        // log stderr and stdout to #outputTextareaStdout1","        ['error', 'log'].forEach(function (key) {","            console[key + '_original'] = console[key];","            console[key] = function () {","                var element;","                console[key + '_original'].apply(console, arguments);","                element = document.querySelector('#outputTextareaStdout1');","                if (!element) {","                    return;","                }","                // append text to #outputTextareaStdout1","                element.value += Array.from(arguments).map(function (arg) {","                    return typeof arg === 'string'","                        ? arg","                        : JSON.stringify(arg, null, 4);","                }).join(' ') + '\\n';","                // scroll textarea to bottom","                element.scrollTop = element.scrollHeight;","            };","        });","        // init event-handling","        ['change', 'click', 'keyup'].forEach(function (event) {","            Array.from(document.querySelectorAll('.on' + event)).forEach(function (element) {","                element.addEventListener(event, local.testRunBrowser);","            });","        });","        // run tests","        local.testRunBrowser();","        break;","","","","    // run node js-env code - post-init","    /* istanbul ignore next */","    case 'node':","        // export local","        module.exports = local;","        // require modules","        local.fs = require('fs');","        local.http = require('http');","        local.url = require('url');","        // init assets","        local.assetsDict = local.assetsDict || {};","        /* jslint-ignore-begin */","        local.assetsDict['/assets.index.template.html'] = '\\","<!doctype html>\\n\\","<html lang=\"en\">\\n\\","<head>\\n\\","<meta charset=\"UTF-8\">\\n\\","<meta name=\"viewport\" content=\"width=device-width, initial-scale=1\">\\n\\","<title>{{env.npm_package_name}} (v{{env.npm_package_version}})</title>\\n\\","<style>\\n\\","/*csslint\\n\\","    box-sizing: false,\\n\\","    universal-selector: false\\n\\","*/\\n\\","* {\\n\\","    box-sizing: border-box;\\n\\","}\\n\\","body {\\n\\","    background: #dde;\\n\\","    font-family: Arial, Helvetica, sans-serif;\\n\\","    margin: 2rem;\\n\\","}\\n\\","body > * {\\n\\","    margin-bottom: 1rem;\\n\\","}\\n\\",".utility2FooterDiv {\\n\\","    margin-top: 20px;\\n\\","    text-align: center;\\n\\","}\\n\\","</style>\\n\\","<style>\\n\\","/*csslint\\n\\","*/\\n\\","textarea {\\n\\","    font-family: monospace;\\n\\","    height: 10rem;\\n\\","    width: 100%;\\n\\","}\\n\\","textarea[readonly] {\\n\\","    background: #ddd;\\n\\","}\\n\\","</style>\\n\\","</head>\\n\\","<body>\\n\\","<!-- utility2-comment\\n\\","<div id=\"ajaxProgressDiv1\" style=\"background: #d00; height: 2px; left: 0; margin: 0; padding: 0; position: fixed; top: 0; transition: background 0.5s, width 1.5s; width: 25%;\"></div>\\n\\","utility2-comment -->\\n\\","<h1>\\n\\","<!-- utility2-comment\\n\\","    <a\\n\\","        {{#if env.npm_package_homepage}}\\n\\","        href=\"{{env.npm_package_homepage}}\"\\n\\","        {{/if env.npm_package_homepage}}\\n\\","        target=\"_blank\"\\n\\","    >\\n\\","utility2-comment -->\\n\\","        {{env.npm_package_name}} (v{{env.npm_package_version}})\\n\\","<!-- utility2-comment\\n\\","    </a>\\n\\","utility2-comment -->\\n\\","</h1>\\n\\","<h3>{{env.npm_package_description}}</h3>\\n\\","<!-- utility2-comment\\n\\","<h4><a download href=\"assets.app.js\">download standalone app</a></h4>\\n\\","<button class=\"onclick onreset\" id=\"testRunButton1\">run internal test</button><br>\\n\\","<div id=\"testReportDiv1\" style=\"display: none;\"></div>\\n\\","utility2-comment -->\\n\\","\\n\\","\\n\\","\\n\\","<label>stderr and stdout</label>\\n\\","<textarea class=\"resettable\" id=\"outputTextareaStdout1\" readonly></textarea>\\n\\","<!-- utility2-comment\\n\\","{{#if isRollup}}\\n\\","<script src=\"assets.app.js\"></script>\\n\\","{{#unless isRollup}}\\n\\","utility2-comment -->\\n\\","<script src=\"assets.utility2.rollup.js\"></script>\\n\\","<script src=\"jsonp.utility2._stateInit?callback=window.utility2._stateInit\"></script>\\n\\","<script src=\"assets.npmtest_node_gyp.rollup.js\"></script>\\n\\","<script src=\"assets.example.js\"></script>\\n\\","<script src=\"assets.test.js\"></script>\\n\\","<!-- utility2-comment\\n\\","{{/if isRollup}}\\n\\","utility2-comment -->\\n\\","<div class=\"utility2FooterDiv\">\\n\\","    [ this app was created with\\n\\","    <a href=\"https://github.com/kaizhu256/node-utility2\" target=\"_blank\">utility2</a>\\n\\","    ]\\n\\","</div>\\n\\","</body>\\n\\","</html>\\n\\","';","        /* jslint-ignore-end */","        if (local.templateRender) {","            local.assetsDict['/'] = local.templateRender(","                local.assetsDict['/assets.index.template.html'],","                {","                    env: local.objectSetDefault(local.env, {","                        npm_package_description: 'the greatest app in the world!',","                        npm_package_name: 'my-app',","                        npm_package_nameAlias: 'my_app',","                        npm_package_version: '0.0.1'","                    })","                }","            );","        } else {","            local.assetsDict['/'] = local.assetsDict['/assets.index.template.html']","                .replace((/\\{\\{env\\.(\\w+?)\\}\\}/g), function (match0, match1) {","                    // jslint-hack","                    String(match0);","                    switch (match1) {","                    case 'npm_package_description':","                        return 'the greatest app in the world!';","                    case 'npm_package_name':","                        return 'my-app';","                    case 'npm_package_nameAlias':","                        return 'my_app';","                    case 'npm_package_version':","                        return '0.0.1';","                    }","                });","        }","        // run the cli","        if (local.global.utility2_rollup || module !== require.main) {","            break;","        }","        local.assetsDict['/assets.example.js'] =","            local.assetsDict['/assets.example.js'] ||","            local.fs.readFileSync(__filename, 'utf8');","        local.assetsDict['/assets.npmtest_node_gyp.rollup.js'] =","            local.assetsDict['/assets.npmtest_node_gyp.rollup.js'] ||","            local.fs.readFileSync(","                // buildCustomOrg-hack","                local.npmtest_node_gyp.__dirname +","                    '/lib.npmtest_node_gyp.js',","                'utf8'","            ).replace((/^#!/), '//');","        local.assetsDict['/favicon.ico'] = local.assetsDict['/favicon.ico'] || '';","        // if $npm_config_timeout_exit exists,","        // then exit this process after $npm_config_timeout_exit ms","        if (Number(process.env.npm_config_timeout_exit)) {","            setTimeout(process.exit, Number(process.env.npm_config_timeout_exit));","        }","        // start server","        if (local.global.utility2_serverHttp1) {","            break;","        }","        process.env.PORT = process.env.PORT || '8081';","        console.error('server starting on port ' + process.env.PORT);","        local.http.createServer(function (request, response) {","            request.urlParsed = local.url.parse(request.url);","            if (local.assetsDict[request.urlParsed.pathname] !== undefined) {","                response.end(local.assetsDict[request.urlParsed.pathname]);","                return;","            }","            response.statusCode = 404;","            response.end();","        }).listen(process.env.PORT);","        break;","    }","}());",""],"l":{"26":2,"28":2,"33":2,"35":2,"37":2,"38":2,"39":2,"44":1,"51":2,"55":2,"59":2,"61":2,"69":1,"70":2,"76":2,"79":2,"82":2,"83":2,"85":1,"89":2,"92":1,"93":1,"94":1,"96":1,"97":1,"100":1,"101":1,"103":1,"106":1,"108":2,"114":1,"116":1,"118":1,"123":1,"124":2,"125":2,"126":2,"127":2,"128":2,"129":2,"130":1,"133":2,"134":2,"139":2,"143":1,"144":3,"145":1,"149":1,"150":1,"158":1,"160":1,"161":1,"162":1,"164":1,"166":1,"258":1,"259":1,"271":1,"274":6,"275":6,"277":1,"279":2,"281":1,"283":2,"288":1,"289":1,"291":1,"294":1,"302":1,"305":1,"306":1,"309":1,"310":1,"312":1,"313":1,"314":1,"315":1,"316":1,"317":1,"318":1,"320":1,"321":1,"323":1}},"/home/travis/build/npmtest/node-npmtest-node-gyp/node_modules/node-gyp/lib/node-gyp.js":{"path":"/home/travis/build/npmtest/node-npmtest-node-gyp/node_modules/node-gyp/lib/node-gyp.js","s":{"1":1,"2":1,"3":1,"4":1,"5":0,"6":1,"7":0,"8":0,"9":0,"10":0,"11":0,"12":0,"13":0,"14":1,"15":1,"16":1,"17":1,"18":1,"19":1,"20":1,"21":1,"22":0,"23":0,"24":0,"25":0,"26":0,"27":0,"28":0,"29":0,"30":0,"31":0,"32":0,"33":0,"34":0,"35":0,"36":0,"37":0,"38":0,"39":0,"40":0,"41":0,"42":0,"43":0,"44":0,"45":0,"46":0,"47":0,"48":0,"49":0,"50":0,"51":1,"52":0,"53":0,"54":0,"55":0,"56":0,"57":0,"58":0,"59":0,"60":1,"61":0,"62":0,"63":0,"64":1,"65":10},"b":{"1":[0,0],"2":[0,0],"3":[0,0],"4":[0,0],"5":[0,0],"6":[0,0],"7":[0,0],"8":[0,0],"9":[0,0],"10":[0,0],"11":[0,0]},"f":{"1":0,"2":0,"3":0,"4":0,"5":0,"6":0,"7":0,"8":0,"9":0,"10":0,"11":0,"12":10},"fnMap":{"1":{"name":"gyp","line":42,"loc":{"start":{"line":42,"column":0},"end":{"line":42,"column":16}}},"2":{"name":"Gyp","line":46,"loc":{"start":{"line":46,"column":0},"end":{"line":46,"column":16}}},"3":{"name":"(anonymous_3)","line":52,"loc":{"start":{"line":52,"column":19},"end":{"line":52,"column":38}}},"4":{"name":"(anonymous_4)","line":53,"loc":{"start":{"line":53,"column":29},"end":{"line":53,"column":55}}},"5":{"name":"parseOpts","line":119,"loc":{"start":{"line":119,"column":18},"end":{"line":119,"column":44}}},"6":{"name":"(anonymous_6)","line":126,"loc":{"start":{"line":126,"column":23},"end":{"line":126,"column":38}}},"7":{"name":"(anonymous_7)","line":135,"loc":{"start":{"line":135,"column":23},"end":{"line":135,"column":38}}},"8":{"name":"(anonymous_8)","line":151,"loc":{"start":{"line":151,"column":35},"end":{"line":151,"column":51}}},"9":{"name":"spawn","line":175,"loc":{"start":{"line":175,"column":14},"end":{"line":175,"column":51}}},"10":{"name":"usage","line":190,"loc":{"start":{"line":190,"column":14},"end":{"line":190,"column":32}}},"11":{"name":"(anonymous_11)","line":196,"loc":{"start":{"line":196,"column":19},"end":{"line":196,"column":32}}},"12":{"name":"(anonymous_12)","line":211,"loc":{"start":{"line":211,"column":9},"end":{"line":211,"column":21}}}},"statementMap":{"1":{"start":{"line":6,"column":0},"end":{"line":6,"column":30}},"2":{"start":{"line":12,"column":0},"end":{"line":33,"column":5}},"3":{"start":{"line":36,"column":0},"end":{"line":36,"column":19}},"4":{"start":{"line":42,"column":0},"end":{"line":44,"column":1}},"5":{"start":{"line":43,"column":2},"end":{"line":43,"column":18}},"6":{"start":{"line":46,"column":0},"end":{"line":58,"column":1}},"7":{"start":{"line":47,"column":2},"end":{"line":47,"column":17}},"8":{"start":{"line":49,"column":2},"end":{"line":49,"column":18}},"9":{"start":{"line":50,"column":2},"end":{"line":50,"column":20}},"10":{"start":{"line":52,"column":2},"end":{"line":57,"column":4}},"11":{"start":{"line":53,"column":4},"end":{"line":56,"column":5}},"12":{"start":{"line":54,"column":6},"end":{"line":54,"column":43}},"13":{"start":{"line":55,"column":6},"end":{"line":55,"column":58}},"14":{"start":{"line":59,"column":0},"end":{"line":59,"column":17}},"15":{"start":{"line":60,"column":0},"end":{"line":60,"column":17}},"16":{"start":{"line":61,"column":0},"end":{"line":61,"column":25}},"17":{"start":{"line":67,"column":0},"end":{"line":67,"column":37}},"18":{"start":{"line":73,"column":0},"end":{"line":92,"column":1}},"19":{"start":{"line":98,"column":0},"end":{"line":106,"column":1}},"20":{"start":{"line":112,"column":0},"end":{"line":112,"column":23}},"21":{"start":{"line":119,"column":0},"end":{"line":169,"column":1}},"22":{"start":{"line":120,"column":2},"end":{"line":120,"column":58}},"23":{"start":{"line":121,"column":2},"end":{"line":121,"column":43}},"24":{"start":{"line":123,"column":2},"end":{"line":123,"column":31}},"25":{"start":{"line":126,"column":2},"end":{"line":132,"column":10}},"26":{"start":{"line":128,"column":4},"end":{"line":130,"column":5}},"27":{"start":{"line":129,"column":6},"end":{"line":129,"column":29}},"28":{"start":{"line":131,"column":4},"end":{"line":131,"column":14}},"29":{"start":{"line":135,"column":2},"end":{"line":144,"column":10}},"30":{"start":{"line":136,"column":4},"end":{"line":143,"column":5}},"31":{"start":{"line":137,"column":6},"end":{"line":137,"column":50}},"32":{"start":{"line":138,"column":6},"end":{"line":138,"column":18}},"33":{"start":{"line":139,"column":6},"end":{"line":141,"column":7}},"34":{"start":{"line":140,"column":8},"end":{"line":140,"column":49}},"35":{"start":{"line":142,"column":6},"end":{"line":142,"column":44}},"36":{"start":{"line":145,"column":2},"end":{"line":147,"column":3}},"37":{"start":{"line":146,"column":4},"end":{"line":146,"column":55}},"38":{"start":{"line":150,"column":2},"end":{"line":150,"column":39}},"39":{"start":{"line":151,"column":2},"end":{"line":163,"column":10}},"40":{"start":{"line":152,"column":4},"end":{"line":152,"column":53}},"41":{"start":{"line":152,"column":47},"end":{"line":152,"column":53}},"42":{"start":{"line":153,"column":4},"end":{"line":153,"column":31}},"43":{"start":{"line":154,"column":4},"end":{"line":162,"column":5}},"44":{"start":{"line":155,"column":6},"end":{"line":155,"column":21}},"45":{"start":{"line":158,"column":6},"end":{"line":158,"column":53}},"46":{"start":{"line":161,"column":6},"end":{"line":161,"column":37}},"47":{"start":{"line":161,"column":16},"end":{"line":161,"column":37}},"48":{"start":{"line":165,"column":2},"end":{"line":167,"column":3}},"49":{"start":{"line":166,"column":4},"end":{"line":166,"column":34}},"50":{"start":{"line":168,"column":2},"end":{"line":168,"column":14}},"51":{"start":{"line":175,"column":0},"end":{"line":184,"column":1}},"52":{"start":{"line":176,"column":2},"end":{"line":176,"column":22}},"53":{"start":{"line":176,"column":13},"end":{"line":176,"column":22}},"54":{"start":{"line":177,"column":2},"end":{"line":179,"column":3}},"55":{"start":{"line":178,"column":4},"end":{"line":178,"column":28}},"56":{"start":{"line":180,"column":2},"end":{"line":180,"column":51}},"57":{"start":{"line":181,"column":2},"end":{"line":181,"column":28}},"58":{"start":{"line":182,"column":2},"end":{"line":182,"column":30}},"59":{"start":{"line":183,"column":2},"end":{"line":183,"column":11}},"60":{"start":{"line":190,"column":0},"end":{"line":204,"column":1}},"61":{"start":{"line":191,"column":2},"end":{"line":202,"column":14}},"62":{"start":{"line":197,"column":8},"end":{"line":197,"column":61}},"63":{"start":{"line":203,"column":2},"end":{"line":203,"column":12}},"64":{"start":{"line":210,"column":0},"end":{"line":215,"column":2}},"65":{"start":{"line":212,"column":6},"end":{"line":212,"column":33}}},"branchMap":{"1":{"line":128,"type":"if","locations":[{"start":{"line":128,"column":4},"end":{"line":128,"column":4}},{"start":{"line":128,"column":4},"end":{"line":128,"column":4}}]},"2":{"line":136,"type":"if","locations":[{"start":{"line":136,"column":4},"end":{"line":136,"column":4}},{"start":{"line":136,"column":4},"end":{"line":136,"column":4}}]},"3":{"line":139,"type":"if","locations":[{"start":{"line":139,"column":6},"end":{"line":139,"column":6}},{"start":{"line":139,"column":6},"end":{"line":139,"column":6}}]},"4":{"line":145,"type":"if","locations":[{"start":{"line":145,"column":2},"end":{"line":145,"column":2}},{"start":{"line":145,"column":2},"end":{"line":145,"column":2}}]},"5":{"line":152,"type":"if","locations":[{"start":{"line":152,"column":4},"end":{"line":152,"column":4}},{"start":{"line":152,"column":4},"end":{"line":152,"column":4}}]},"6":{"line":154,"type":"if","locations":[{"start":{"line":154,"column":4},"end":{"line":154,"column":4}},{"start":{"line":154,"column":4},"end":{"line":154,"column":4}}]},"7":{"line":161,"type":"if","locations":[{"start":{"line":161,"column":6},"end":{"line":161,"column":6}},{"start":{"line":161,"column":6},"end":{"line":161,"column":6}}]},"8":{"line":165,"type":"if","locations":[{"start":{"line":165,"column":2},"end":{"line":165,"column":2}},{"start":{"line":165,"column":2},"end":{"line":165,"column":2}}]},"9":{"line":176,"type":"if","locations":[{"start":{"line":176,"column":2},"end":{"line":176,"column":2}},{"start":{"line":176,"column":2},"end":{"line":176,"column":2}}]},"10":{"line":177,"type":"if","locations":[{"start":{"line":177,"column":2},"end":{"line":177,"column":2}},{"start":{"line":177,"column":2},"end":{"line":177,"column":2}}]},"11":{"line":177,"type":"binary-expr","locations":[{"start":{"line":177,"column":6},"end":{"line":177,"column":18}},{"start":{"line":177,"column":22},"end":{"line":177,"column":33}}]}},"code":["","/**"," * Module exports."," */","","module.exports = exports = gyp","","/**"," * Module dependencies."," */","","var fs = require('graceful-fs')","  , path = require('path')","  , nopt = require('nopt')","  , log = require('npmlog')","  , child_process = require('child_process')","  , EE = require('events').EventEmitter","  , inherits = require('util').inherits","  , commands = [","      // Module build commands","        'build'","      , 'clean'","      , 'configure'","      , 'rebuild'","      // Development Header File management commands","      , 'install'","      , 'list'","      , 'remove'","    ]","  , aliases = {","        'ls': 'list'","      , 'rm': 'remove'","    }","","// differentiate node-gyp's logs from npm's","log.heading = 'gyp'","","/**"," * The `gyp` function."," */","","function gyp () {","  return new Gyp()","}","","function Gyp () {","  var self = this","","  this.devDir = ''","  this.commands = {}","","  commands.forEach(function (command) {","    self.commands[command] = function (argv, callback) {","      log.verbose('command', command, argv)","      return require('./' + command)(self, argv, callback)","    }","  })","}","inherits(Gyp, EE)","exports.Gyp = Gyp","var proto = Gyp.prototype","","/**"," * Export the contents of the package.json."," */","","proto.package = require('../package')","","/**"," * nopt configuration definitions"," */","","proto.configDefs = {","    help: Boolean     // everywhere","  , arch: String      // 'configure'","  , cafile: String    // 'install'","  , debug: Boolean    // 'build'","  , directory: String // bin","  , make: String      // 'build'","  , msvs_version: String // 'configure'","  , ensure: Boolean   // 'install'","  , solution: String  // 'build' (windows only)","  , proxy: String     // 'install'","  , devdir: String   // everywhere","  , nodedir: String   // 'configure'","  , loglevel: String  // everywhere","  , python: String    // 'configure'","  , 'dist-url': String // 'install'","  , 'tarball': String // 'install'","  , jobs: String      // 'build'","  , thin: String      // 'configure'","}","","/**"," * nopt shorthands"," */","","proto.shorthands = {","    release: '--no-debug'","  , C: '--directory'","  , debug: '--debug'","  , j: '--jobs'","  , silly: '--loglevel=silly'","  , verbose: '--loglevel=verbose'","  , silent: '--loglevel=silent'","}","","/**"," * expose the command aliases for the bin file to use."," */","","proto.aliases = aliases","","/**"," * Parses the given argv array and sets the 'opts',"," * 'argv' and 'command' properties."," */","","proto.parseArgv = function parseOpts (argv) {","  this.opts = nopt(this.configDefs, this.shorthands, argv)","  this.argv = this.opts.argv.remain.slice()","","  var commands = this.todo = []","","  // create a copy of the argv array with aliases mapped","  argv = this.argv.map(function (arg) {","    // is this an alias?","    if (arg in this.aliases) {","      arg = this.aliases[arg]","    }","    return arg","  }, this)","","  // process the mapped args into \"command\" objects (\"name\" and \"args\" props)","  argv.slice().forEach(function (arg) {","    if (arg in this.commands) {","      var args = argv.splice(0, argv.indexOf(arg))","      argv.shift()","      if (commands.length > 0) {","        commands[commands.length - 1].args = args","      }","      commands.push({ name: arg, args: [] })","    }","  }, this)","  if (commands.length > 0) {","    commands[commands.length - 1].args = argv.splice(0)","  }","","  // support for inheriting config env variables from npm","  var npm_config_prefix = 'npm_config_'","  Object.keys(process.env).forEach(function (name) {","    if (name.indexOf(npm_config_prefix) !== 0) return","    var val = process.env[name]","    if (name === npm_config_prefix + 'loglevel') {","      log.level = val","    } else {","      // add the user-defined options to the config","      name = name.substring(npm_config_prefix.length)","      // gyp@741b7f1 enters an infinite loop when it encounters","      // zero-length options so ensure those don't get through.","      if (name) this.opts[name] = val","    }","  }, this)","","  if (this.opts.loglevel) {","    log.level = this.opts.loglevel","  }","  log.resume()","}","","/**"," * Spawns a child process and emits a 'spawn' event."," */","","proto.spawn = function spawn (command, args, opts) {","  if (!opts) opts = {}","  if (!opts.silent && !opts.stdio) {","    opts.stdio = [ 0, 1, 2 ]","  }","  var cp = child_process.spawn(command, args, opts)","  log.info('spawn', command)","  log.info('spawn args', args)","  return cp","}","","/**"," * Returns the usage instructions for node-gyp."," */","","proto.usage = function usage () {","  var str = [","      ''","    , '  Usage: node-gyp <command> [options]'","    , ''","    , '  where <command> is one of:'","    , commands.map(function (c) {","        return '    - ' + c + ' - ' + require('./' + c).usage","      }).join('\\n')","    , ''","    , 'node-gyp@' + this.version + '  ' + path.resolve(__dirname, '..')","    , 'node@' + process.versions.node","  ].join('\\n')","  return str","}","","/**"," * Version number getter."," */","","Object.defineProperty(proto, 'version', {","    get: function () {","      return this.package.version","    }","  , enumerable: true","})","",""],"l":{"6":1,"12":1,"36":1,"42":1,"43":0,"46":1,"47":0,"49":0,"50":0,"52":0,"53":0,"54":0,"55":0,"59":1,"60":1,"61":1,"67":1,"73":1,"98":1,"112":1,"119":1,"120":0,"121":0,"123":0,"126":0,"128":0,"129":0,"131":0,"135":0,"136":0,"137":0,"138":0,"139":0,"140":0,"142":0,"145":0,"146":0,"150":0,"151":0,"152":0,"153":0,"154":0,"155":0,"158":0,"161":0,"165":0,"166":0,"168":0,"175":1,"176":0,"177":0,"178":0,"180":0,"181":0,"182":0,"183":0,"190":1,"191":0,"197":0,"203":0,"210":1,"212":10}},"/home/travis/build/npmtest/node-npmtest-node-gyp/node_modules/node-gyp/lib/clean.js":{"path":"/home/travis/build/npmtest/node-npmtest-node-gyp/node_modules/node-gyp/lib/clean.js","s":{"1":1,"2":1,"3":1,"4":1,"5":1,"6":0,"7":0,"8":0},"b":{},"f":{"1":0},"fnMap":{"1":{"name":"clean","line":14,"loc":{"start":{"line":14,"column":0},"end":{"line":14,"column":37}}}},"statementMap":{"1":{"start":{"line":2,"column":0},"end":{"line":2,"column":32}},"2":{"start":{"line":4,"column":0},"end":{"line":4,"column":69}},"3":{"start":{"line":10,"column":0},"end":{"line":10,"column":26}},"4":{"start":{"line":11,"column":0},"end":{"line":11,"column":27}},"5":{"start":{"line":14,"column":0},"end":{"line":22,"column":1}},"6":{"start":{"line":17,"column":2},"end":{"line":17,"column":24}},"7":{"start":{"line":19,"column":2},"end":{"line":19,"column":59}},"8":{"start":{"line":20,"column":2},"end":{"line":20,"column":24}}},"branchMap":{},"code":["","module.exports = exports = clean","","exports.usage = 'Removes any generated build files and the \"out\" dir'","","/**"," * Module dependencies."," */","","var rm = require('rimraf')","var log = require('npmlog')","","","function clean (gyp, argv, callback) {","","  // Remove the 'build' dir","  var buildDir = 'build'","","  log.verbose('clean', 'removing \"%s\" directory', buildDir)","  rm(buildDir, callback)","","}",""],"l":{"2":1,"4":1,"10":1,"11":1,"14":1,"17":0,"19":0,"20":0}},"/home/travis/build/npmtest/node-npmtest-node-gyp/node_modules/node-gyp/lib/configure.js":{"path":"/home/travis/build/npmtest/node-npmtest-node-gyp/node_modules/node-gyp/lib/configure.js","s":{"1":1,"2":1,"3":1,"4":1,"5":0,"6":1,"7":1,"8":0,"9":0,"10":0,"11":0,"12":0,"13":0,"14":1,"15":0,"16":0,"17":0,"18":0,"19":0,"20":0,"21":0,"22":0,"23":0,"24":0,"25":0,"26":0,"27":0,"28":0,"29":0,"30":0,"31":0,"32":1,"33":0,"34":0,"35":0,"36":0,"37":0,"38":0,"39":0,"40":0,"41":0,"42":0,"43":0,"44":0,"45":1,"46":0,"47":0,"48":0,"49":0,"50":0,"51":0,"52":0,"53":0,"54":0,"55":0,"56":0,"57":0,"58":0,"59":0,"60":0,"61":0,"62":0,"63":0,"64":0,"65":0,"66":0,"67":0,"68":0,"69":0,"70":0,"71":0,"72":0,"73":0,"74":0,"75":0,"76":0,"77":0,"78":0,"79":0,"80":0,"81":1,"82":0,"83":0,"84":0,"85":0,"86":0,"87":0,"88":0,"89":0,"90":1,"91":0,"92":0,"93":0,"94":0,"95":0,"96":0,"97":0,"98":0,"99":0,"100":0,"101":0,"102":0,"103":0,"104":0,"105":0,"106":1,"107":0,"108":0,"109":0,"110":0,"111":0,"112":0,"113":0,"114":0,"115":1,"116":0,"117":0,"118":0,"119":0,"120":0,"121":0,"122":0,"123":0,"124":0,"125":0,"126":0,"127":0,"128":0,"129":0,"130":0,"131":0,"132":0,"133":0,"134":0,"135":0,"136":0,"137":0,"138":0,"139":0,"140":0,"141":0,"142":0,"143":0,"144":0,"145":0,"146":0,"147":0,"148":0,"149":0,"150":0,"151":0,"152":0,"153":0,"154":0,"155":0,"156":0,"157":0,"158":0,"159":0,"160":0,"161":0,"162":0,"163":0,"164":0,"165":0,"166":0,"167":0,"168":1,"169":0,"170":0,"171":0,"172":1,"173":0,"174":0,"175":0,"176":0,"177":0,"178":0,"179":0,"180":0,"181":0,"182":0,"183":1,"184":0,"185":0,"186":1,"187":0,"188":0,"189":0,"190":0,"191":0,"192":0,"193":0,"194":0,"195":0,"196":0,"197":0,"198":0,"199":0,"200":0,"201":0,"202":0,"203":0,"204":0,"205":0,"206":0,"207":0,"208":0,"209":0,"210":0,"211":0,"212":0,"213":0,"214":0,"215":0,"216":0,"217":0,"218":0,"219":0,"220":0,"221":0,"222":0,"223":0,"224":0,"225":0,"226":0,"227":0,"228":0,"229":0,"230":0,"231":0,"232":0,"233":0,"234":0,"235":0,"236":0,"237":0,"238":0,"239":0,"240":0,"241":0,"242":0,"243":0,"244":0,"245":0,"246":0,"247":0,"248":0,"249":0,"250":0,"251":0,"252":0,"253":0,"254":0,"255":1,"256":0,"257":0},"b":{"1":[0,1],"2":[0,1],"3":[0,0,0],"4":[0,0],"5":[0,0],"6":[0,0],"7":[0,0],"8":[0,0],"9":[0,0],"10":[0,0],"11":[0,0,0],"12":[0,0],"13":[0,0],"14":[0,0],"15":[0,0],"16":[0,0],"17":[0,0],"18":[0,0],"19":[0,0],"20":[0,0,0],"21":[0,0],"22":[0,0],"23":[0,0],"24":[0,0],"25":[0,0],"26":[0,0],"27":[0,0],"28":[0,0],"29":[0,0],"30":[0,0],"31":[0,0],"32":[0,0],"33":[0,0],"34":[0,0],"35":[0,0],"36":[0,0],"37":[0,0],"38":[0,0],"39":[0,0],"40":[0,0],"41":[0,0],"42":[0,0,0],"43":[0,0],"44":[0,0],"45":[0,0],"46":[0,0],"47":[0,0],"48":[0,0],"49":[0,0],"50":[0,0],"51":[0,0],"52":[0,0],"53":[0,0],"54":[0,0],"55":[0,0],"56":[0,0],"57":[0,0],"58":[0,0,0],"59":[0,0],"60":[0,0]},"f":{"1":0,"2":0,"3":0,"4":0,"5":0,"6":0,"7":0,"8":0,"9":0,"10":0,"11":0,"12":0,"13":0,"14":0,"15":0,"16":0,"17":0,"18":0,"19":0,"20":0,"21":0,"22":0,"23":0,"24":0,"25":0,"26":0,"27":0,"28":0,"29":0,"30":0,"31":0},"fnMap":{"1":{"name":"configure","line":30,"loc":{"start":{"line":30,"column":0},"end":{"line":30,"column":41}}},"2":{"name":"(anonymous_2)","line":39,"loc":{"start":{"line":39,"column":21},"end":{"line":39,"column":43}}},"3":{"name":"getNodeDir","line":48,"loc":{"start":{"line":48,"column":2},"end":{"line":48,"column":25}}},"4":{"name":"(anonymous_4)","line":77,"loc":{"start":{"line":77,"column":48},"end":{"line":77,"column":72}}},"5":{"name":"createBuildDir","line":86,"loc":{"start":{"line":86,"column":2},"end":{"line":86,"column":29}}},"6":{"name":"(anonymous_6)","line":88,"loc":{"start":{"line":88,"column":21},"end":{"line":88,"column":43}}},"7":{"name":"(anonymous_7)","line":92,"loc":{"start":{"line":92,"column":19},"end":{"line":92,"column":43}}},"8":{"name":"createConfigFile","line":106,"loc":{"start":{"line":106,"column":2},"end":{"line":106,"column":43}}},"9":{"name":"(anonymous_9)","line":170,"loc":{"start":{"line":170,"column":34},"end":{"line":170,"column":49}}},"10":{"name":"boolsToString","line":177,"loc":{"start":{"line":177,"column":4},"end":{"line":177,"column":34}}},"11":{"name":"findConfigs","line":193,"loc":{"start":{"line":193,"column":2},"end":{"line":193,"column":29}}},"12":{"name":"(anonymous_12)","line":199,"loc":{"start":{"line":199,"column":22},"end":{"line":199,"column":43}}},"13":{"name":"runGyp","line":214,"loc":{"start":{"line":214,"column":2},"end":{"line":214,"column":24}}},"14":{"name":"hasMsvsVersion","line":229,"loc":{"start":{"line":229,"column":4},"end":{"line":229,"column":31}}},"15":{"name":"(anonymous_15)","line":230,"loc":{"start":{"line":230,"column":23},"end":{"line":230,"column":38}}},"16":{"name":"(anonymous_16)","line":244,"loc":{"start":{"line":244,"column":20},"end":{"line":244,"column":38}}},"17":{"name":"(anonymous_17)","line":279,"loc":{"start":{"line":279,"column":25},"end":{"line":279,"column":46}}},"18":{"name":"onCpExit","line":334,"loc":{"start":{"line":334,"column":2},"end":{"line":334,"column":35}}},"19":{"name":"findAccessibleSync","line":350,"loc":{"start":{"line":350,"column":0},"end":{"line":350,"column":57}}},"20":{"name":"PythonFinder","line":368,"loc":{"start":{"line":368,"column":0},"end":{"line":368,"column":40}}},"21":{"name":"checkPython","line":382,"loc":{"start":{"line":382,"column":15},"end":{"line":382,"column":39}}},"22":{"name":"(anonymous_22)","line":386,"loc":{"start":{"line":386,"column":28},"end":{"line":386,"column":53}}},"23":{"name":"checkPythonLauncher","line":417,"loc":{"start":{"line":417,"column":23},"end":{"line":417,"column":55}}},"24":{"name":"(anonymous_24)","line":426,"loc":{"start":{"line":426,"column":56},"end":{"line":426,"column":79}}},"25":{"name":"checkPythonVersion","line":440,"loc":{"start":{"line":440,"column":22},"end":{"line":440,"column":53}}},"26":{"name":"(anonymous_26)","line":445,"loc":{"start":{"line":445,"column":51},"end":{"line":445,"column":74}}},"27":{"name":"failNoPython","line":478,"loc":{"start":{"line":478,"column":16},"end":{"line":478,"column":41}}},"28":{"name":"failPythonVersion","line":485,"loc":{"start":{"line":485,"column":21},"end":{"line":485,"column":61}}},"29":{"name":"guessPython","line":496,"loc":{"start":{"line":496,"column":15},"end":{"line":496,"column":39}}},"30":{"name":"(anonymous_30)","line":505,"loc":{"start":{"line":505,"column":26},"end":{"line":505,"column":47}}},"31":{"name":"findPython","line":520,"loc":{"start":{"line":520,"column":0},"end":{"line":520,"column":39}}}},"statementMap":{"1":{"start":{"line":1,"column":0},"end":{"line":1,"column":36}},"2":{"start":{"line":2,"column":0},"end":{"line":6,"column":1}},"3":{"start":{"line":12,"column":0},"end":{"line":24,"column":38}},"4":{"start":{"line":25,"column":0},"end":{"line":26,"column":43}},"5":{"start":{"line":26,"column":2},"end":{"line":26,"column":43}},"6":{"start":{"line":28,"column":0},"end":{"line":28,"column":102}},"7":{"start":{"line":30,"column":0},"end":{"line":343,"column":1}},"8":{"start":{"line":32,"column":2},"end":{"line":37,"column":75}},"9":{"start":{"line":39,"column":2},"end":{"line":46,"column":4}},"10":{"start":{"line":40,"column":4},"end":{"line":45,"column":5}},"11":{"start":{"line":41,"column":6},"end":{"line":41,"column":19}},"12":{"start":{"line":43,"column":6},"end":{"line":43,"column":20}},"13":{"start":{"line":44,"column":6},"end":{"line":44,"column":18}},"14":{"start":{"line":48,"column":2},"end":{"line":84,"column":3}},"15":{"start":{"line":51,"column":4},"end":{"line":51,"column":31}},"16":{"start":{"line":53,"column":4},"end":{"line":83,"column":5}},"17":{"start":{"line":55,"column":6},"end":{"line":55,"column":60}},"18":{"start":{"line":57,"column":6},"end":{"line":57,"column":97}},"19":{"start":{"line":58,"column":6},"end":{"line":58,"column":22}},"20":{"start":{"line":62,"column":6},"end":{"line":68,"column":7}},"21":{"start":{"line":64,"column":8},"end":{"line":64,"column":99}},"22":{"start":{"line":67,"column":8},"end":{"line":67,"column":124}},"23":{"start":{"line":70,"column":6},"end":{"line":73,"column":7}},"24":{"start":{"line":72,"column":8},"end":{"line":72,"column":80}},"25":{"start":{"line":76,"column":6},"end":{"line":76,"column":28}},"26":{"start":{"line":77,"column":6},"end":{"line":82,"column":8}},"27":{"start":{"line":78,"column":8},"end":{"line":78,"column":37}},"28":{"start":{"line":78,"column":17},"end":{"line":78,"column":37}},"29":{"start":{"line":79,"column":8},"end":{"line":79,"column":89}},"30":{"start":{"line":80,"column":8},"end":{"line":80,"column":62}},"31":{"start":{"line":81,"column":8},"end":{"line":81,"column":24}},"32":{"start":{"line":86,"column":2},"end":{"line":104,"column":3}},"33":{"start":{"line":87,"column":4},"end":{"line":87,"column":78}},"34":{"start":{"line":88,"column":4},"end":{"line":103,"column":6}},"35":{"start":{"line":89,"column":6},"end":{"line":89,"column":35}},"36":{"start":{"line":89,"column":15},"end":{"line":89,"column":35}},"37":{"start":{"line":90,"column":6},"end":{"line":90,"column":74}},"38":{"start":{"line":91,"column":6},"end":{"line":102,"column":7}},"39":{"start":{"line":92,"column":8},"end":{"line":99,"column":10}},"40":{"start":{"line":93,"column":10},"end":{"line":98,"column":11}},"41":{"start":{"line":94,"column":12},"end":{"line":94,"column":57}},"42":{"start":{"line":95,"column":12},"end":{"line":95,"column":30}},"43":{"start":{"line":97,"column":12},"end":{"line":97,"column":43}},"44":{"start":{"line":101,"column":8},"end":{"line":101,"column":26}},"45":{"start":{"line":106,"column":2},"end":{"line":191,"column":3}},"46":{"start":{"line":107,"column":4},"end":{"line":107,"column":33}},"47":{"start":{"line":107,"column":13},"end":{"line":107,"column":33}},"48":{"start":{"line":109,"column":4},"end":{"line":109,"column":38}},"49":{"start":{"line":110,"column":4},"end":{"line":110,"column":59}},"50":{"start":{"line":112,"column":4},"end":{"line":112,"column":66}},"51":{"start":{"line":114,"column":4},"end":{"line":116,"column":36}},"52":{"start":{"line":119,"column":4},"end":{"line":119,"column":53}},"53":{"start":{"line":119,"column":20},"end":{"line":119,"column":53}},"54":{"start":{"line":122,"column":4},"end":{"line":122,"column":57}},"55":{"start":{"line":122,"column":19},"end":{"line":122,"column":57}},"56":{"start":{"line":128,"column":4},"end":{"line":128,"column":24}},"57":{"start":{"line":129,"column":4},"end":{"line":129,"column":25}},"58":{"start":{"line":130,"column":4},"end":{"line":130,"column":30}},"59":{"start":{"line":131,"column":4},"end":{"line":131,"column":27}},"60":{"start":{"line":134,"column":4},"end":{"line":136,"column":5}},"61":{"start":{"line":135,"column":6},"end":{"line":135,"column":75}},"62":{"start":{"line":137,"column":4},"end":{"line":139,"column":5}},"63":{"start":{"line":138,"column":6},"end":{"line":138,"column":48}},"64":{"start":{"line":142,"column":4},"end":{"line":142,"column":67}},"65":{"start":{"line":145,"column":4},"end":{"line":145,"column":31}},"66":{"start":{"line":148,"column":4},"end":{"line":148,"column":46}},"67":{"start":{"line":151,"column":4},"end":{"line":151,"column":63}},"68":{"start":{"line":153,"column":4},"end":{"line":164,"column":5}},"69":{"start":{"line":157,"column":6},"end":{"line":157,"column":36}},"70":{"start":{"line":158,"column":6},"end":{"line":158,"column":44}},"71":{"start":{"line":159,"column":6},"end":{"line":159,"column":58}},"72":{"start":{"line":160,"column":6},"end":{"line":160,"column":42}},"73":{"start":{"line":161,"column":6},"end":{"line":161,"column":68}},"74":{"start":{"line":162,"column":6},"end":{"line":163,"column":65}},"75":{"start":{"line":170,"column":4},"end":{"line":174,"column":6}},"76":{"start":{"line":171,"column":6},"end":{"line":171,"column":32}},"77":{"start":{"line":171,"column":26},"end":{"line":171,"column":32}},"78":{"start":{"line":172,"column":6},"end":{"line":172,"column":39}},"79":{"start":{"line":172,"column":33},"end":{"line":172,"column":39}},"80":{"start":{"line":173,"column":6},"end":{"line":173,"column":55}},"81":{"start":{"line":177,"column":4},"end":{"line":181,"column":5}},"82":{"start":{"line":178,"column":6},"end":{"line":179,"column":24}},"83":{"start":{"line":179,"column":8},"end":{"line":179,"column":24}},"84":{"start":{"line":180,"column":6},"end":{"line":180,"column":14}},"85":{"start":{"line":183,"column":4},"end":{"line":183,"column":48}},"86":{"start":{"line":186,"column":4},"end":{"line":187,"column":55}},"87":{"start":{"line":188,"column":4},"end":{"line":188,"column":85}},"88":{"start":{"line":189,"column":4},"end":{"line":189,"column":28}},"89":{"start":{"line":190,"column":4},"end":{"line":190,"column":72}},"90":{"start":{"line":193,"column":2},"end":{"line":212,"column":3}},"91":{"start":{"line":194,"column":4},"end":{"line":194,"column":33}},"92":{"start":{"line":194,"column":13},"end":{"line":194,"column":33}},"93":{"start":{"line":195,"column":4},"end":{"line":195,"column":34}},"94":{"start":{"line":196,"column":4},"end":{"line":196,"column":30}},"95":{"start":{"line":196,"column":15},"end":{"line":196,"column":30}},"96":{"start":{"line":197,"column":4},"end":{"line":197,"column":37}},"97":{"start":{"line":198,"column":4},"end":{"line":198,"column":61}},"98":{"start":{"line":199,"column":4},"end":{"line":211,"column":6}},"99":{"start":{"line":200,"column":6},"end":{"line":210,"column":7}},"100":{"start":{"line":201,"column":8},"end":{"line":205,"column":9}},"101":{"start":{"line":202,"column":10},"end":{"line":202,"column":23}},"102":{"start":{"line":204,"column":10},"end":{"line":204,"column":23}},"103":{"start":{"line":207,"column":8},"end":{"line":207,"column":44}},"104":{"start":{"line":208,"column":8},"end":{"line":208,"column":30}},"105":{"start":{"line":209,"column":8},"end":{"line":209,"column":21}},"106":{"start":{"line":214,"column":2},"end":{"line":328,"column":3}},"107":{"start":{"line":215,"column":4},"end":{"line":215,"column":33}},"108":{"start":{"line":215,"column":13},"end":{"line":215,"column":33}},"109":{"start":{"line":217,"column":4},"end":{"line":227,"column":5}},"110":{"start":{"line":218,"column":6},"end":{"line":226,"column":7}},"111":{"start":{"line":219,"column":8},"end":{"line":219,"column":74}},"112":{"start":{"line":221,"column":8},"end":{"line":221,"column":31}},"113":{"start":{"line":223,"column":8},"end":{"line":223,"column":74}},"114":{"start":{"line":225,"column":8},"end":{"line":225,"column":31}},"115":{"start":{"line":229,"column":4},"end":{"line":233,"column":5}},"116":{"start":{"line":230,"column":6},"end":{"line":232,"column":8}},"117":{"start":{"line":231,"column":8},"end":{"line":231,"column":48}},"118":{"start":{"line":235,"column":4},"end":{"line":241,"column":5}},"119":{"start":{"line":236,"column":6},"end":{"line":240,"column":7}},"120":{"start":{"line":237,"column":8},"end":{"line":237,"column":64}},"121":{"start":{"line":239,"column":8},"end":{"line":239,"column":44}},"122":{"start":{"line":244,"column":4},"end":{"line":246,"column":6}},"123":{"start":{"line":245,"column":6},"end":{"line":245,"column":29}},"124":{"start"
[...]
ction () {","        if (extractCount === 0) {","          cb(new Error('Connection closed while downloading tarball file'))","        }","      })","","      req.on('response', function (res) {","        if (res.statusCode !== 200) {","          badDownload = true","          cb(new Error(res.statusCode + ' response downloading ' + release.tarballUrl))","          return","        }","        // content checksum","        getContentSha(res, function (_, checksum) {","          var filename = path.basename(release.tarballUrl).trim()","          contentShasums[filename] = checksum","          log.verbose('content checksum', filename, checksum)","        })","","        // start unzipping and untaring","        req.pipe(gunzip).pipe(extracter)","      })","","      // invoked after the tarball has finished being extracted","      function afterTarball () {","        if (badDownload) return","        if (extractCount === 0) {","          return cb(new Error('There was a fatal problem while downloading/extracting the tarball'))","        }","        log.verbose('tarball', 'done parsing tarball')","        var async = 0","","        if (win) {","          // need to download node.lib","          async++","          downloadNodeLib(deref)","        }","","        // write the \"installVersion\" file","        async++","        var installVersionPath = path.resolve(devDir, 'installVersion')","        fs.writeFile(installVersionPath, gyp.package.installVersion + '\\n', deref)","","        // Only download SHASUMS.txt if not using tarPath override","        if (!tarPath) {","          // download SHASUMS.txt","          async++","          downloadShasums(deref)","        }","","        if (async === 0) {","          // no async tasks required","          cb()","        }","","        function deref (err) {","          if (err) return cb(err)","","          async--","          if (!async) {","            log.verbose('download contents checksum', JSON.stringify(contentShasums))","            // check content shasums","            for (var k in contentShasums) {","              log.verbose('validating download checksum for ' + k, '(%s == %s)', contentShasums[k], expectShasums[k])","              if (contentShasums[k] !== expectShasums[k]) {","                cb(new Error(k + ' local checksum ' + contentShasums[k] + ' not match remote ' + expectShasums[k]))","                return","              }","            }","            cb()","          }","        }","      }","","      function downloadShasums(done) {","        log.verbose('check download content checksum, need to download `SHASUMS256.txt`...')","        var shasumsPath = path.resolve(devDir, 'SHASUMS256.txt')","","        log.verbose('checksum url', release.shasumsUrl)","        try {","          var req = download(gyp, process.env, release.shasumsUrl)","        } catch (e) {","          return cb(e)","        }","","        req.on('error', done)","        req.on('response', function (res) {","          if (res.statusCode !== 200) {","            done(new Error(res.statusCode + ' status code downloading checksum'))","            return","          }","","          var chunks = []","          res.on('data', function (chunk) {","            chunks.push(chunk)","          })","          res.on('end', function () {","            var lines = Buffer.concat(chunks).toString().trim().split('\\n')","            lines.forEach(function (line) {","              var items = line.trim().split(/\\s+/)","              if (items.length !== 2) return","","              // 0035d18e2dcf9aad669b1c7c07319e17abfe3762  ./node-v0.11.4.tar.gz","              var name = items[1].replace(/^\\.\\//, '')","              expectShasums[name] = items[0]","            })","","            log.verbose('checksum data', JSON.stringify(expectShasums))","            done()","          })","        })","      }","","      function downloadNodeLib (done) {","        log.verbose('on Windows; need to download `' + release.name + '.lib`...')","        var dir32 = path.resolve(devDir, 'ia32')","          , dir64 = path.resolve(devDir, 'x64')","          , libPath32 = path.resolve(dir32, release.name + '.lib')","          , libPath64 = path.resolve(dir64, release.name + '.lib')","","        log.verbose('32-bit ' + release.name + '.lib dir', dir32)","        log.verbose('64-bit ' + release.name + '.lib dir', dir64)","        log.verbose('`' + release.name + '.lib` 32-bit url', release.libUrl32)","        log.verbose('`' + release.name + '.lib` 64-bit url', release.libUrl64)","","        var async = 2","        mkdir(dir32, function (err) {","          if (err) return done(err)","          log.verbose('streaming 32-bit ' + release.name + '.lib to:', libPath32)","","          try {","            var req = download(gyp, process.env, release.libUrl32, cb)","          } catch (e) {","            return cb(e)","          }","","          req.on('error', done)","          req.on('response', function (res) {","            if (res.statusCode !== 200) {","              done(new Error(res.statusCode + ' status code downloading 32-bit ' + release.name + '.lib'))","              return","            }","","            getContentSha(res, function (_, checksum) {","              contentShasums[release.libPath32] = checksum","              log.verbose('content checksum', release.libPath32, checksum)","            })","","            var ws = fs.createWriteStream(libPath32)","            ws.on('error', cb)","            req.pipe(ws)","          })","          req.on('end', function () {","            --async || done()","          })","        })","        mkdir(dir64, function (err) {","          if (err) return done(err)","          log.verbose('streaming 64-bit ' + release.name + '.lib to:', libPath64)","","          try {","            var req = download(gyp, process.env, release.libUrl64, cb)","          } catch (e) {","            return cb(e)","          }","","          req.on('error', done)","          req.on('response', function (res) {","            if (res.statusCode !== 200) {","              done(new Error(res.statusCode + ' status code downloading 64-bit ' + release.name + '.lib'))","              return","            }","","            getContentSha(res, function (_, checksum) {","              contentShasums[release.libPath64] = checksum","              log.verbose('content checksum', release.libPath64, checksum)","            })","","            var ws = fs.createWriteStream(libPath64)","            ws.on('error', cb)","            req.pipe(ws)","          })","          req.on('end', function () {","            --async || done()","          })","        })","      } // downloadNodeLib()","","    }) // mkdir()","","  } // go()","","  /**","   * Checks if a given filename is \"valid\" for this installation.","   */","","  function valid (file) {","    // header files","    return minimatch(file, '*.h', { matchBase: true }) ||","           minimatch(file, '*.gypi', { matchBase: true })","  }","","  /**","   * The EACCES fallback is a workaround for npm's `sudo` behavior, where","   * it drops the permissions before invoking any child processes (like","   * node-gyp). So what happens is the \"nobody\" user doesn't have","   * permission to create the dev dir. As a fallback, make the tmpdir() be","   * the dev dir for this installation. This is not ideal, but at least","   * the compilation will succeed...","   */","","  function eaccesFallback () {","    var tmpdir = osenv.tmpdir()","    gyp.devDir = path.resolve(tmpdir, '.node-gyp')","    log.warn('EACCES', 'user \"%s\" does not have permission to access the dev dir \"%s\"', osenv.user(), devDir)","    log.warn('EACCES', 'attempting to reinstall using temporary dev dir \"%s\"', gyp.devDir)","    if (process.cwd() == tmpdir) {","      log.verbose('tmpdir == cwd', 'automatically will remove dev files after to save disk space')","      gyp.todo.push({ name: 'remove', args: argv })","    }","    gyp.commands.install(argv, cb)","  }","","}","","function download (gyp, env, url) {","  log.http('GET', url)","","  var requestOpts = {","      uri: url","    , headers: {","        'User-Agent': 'node-gyp v' + gyp.version + ' (node ' + process.version + ')'","      }","  }","","  var cafile = gyp.opts.cafile","  if (cafile) {","    requestOpts.ca = readCAFile(cafile)","  }","","  // basic support for a proxy server","  var proxyUrl = gyp.opts.proxy","              || env.http_proxy","              || env.HTTP_PROXY","              || env.npm_config_proxy","  if (proxyUrl) {","    if (/^https?:\\/\\//i.test(proxyUrl)) {","      log.verbose('download', 'using proxy url: \"%s\"', proxyUrl)","      requestOpts.proxy = proxyUrl","    } else {","      log.warn('download', 'ignoring invalid \"proxy\" config setting: \"%s\"', proxyUrl)","    }","  }","","  var req = request(requestOpts)","  req.on('response', function (res) {","    log.http(res.statusCode, url)","  })","","  return req","}","","function readCAFile (filename) {","  // The CA file can contain multiple certificates so split on certificate","  // boundaries.  [\\S\\s]*? is used to match everything including newlines.","  var ca = fs.readFileSync(filename, 'utf8')","  var re = /(-----BEGIN CERTIFICATE-----[\\S\\s]*?-----END CERTIFICATE-----)/g","  return ca.match(re)","}",""],"l":{"2":1,"4":1,"6":1,"12":1,"28":1,"30":0,"33":1,"34":0,"35":0,"36":0,"37":0,"39":0,"40":0,"43":0,"48":0,"50":0,"52":0,"55":0,"56":0,"60":0,"61":0,"62":0,"63":0,"64":0,"66":0,"68":0,"72":0,"75":0,"79":0,"80":0,"81":0,"82":0,"83":0,"84":0,"85":0,"86":0,"87":0,"89":0,"91":0,"93":0,"94":0,"95":0,"96":0,"97":0,"99":0,"100":0,"101":0,"102":0,"103":0,"104":0,"106":0,"107":0,"112":0,"115":1,"116":0,"117":0,"118":0,"120":0,"124":1,"126":0,"129":0,"130":0,"131":0,"132":0,"134":0,"136":0,"139":0,"140":0,"144":0,"145":0,"150":0,"151":0,"155":1,"156":0,"157":0,"158":0,"160":0,"162":0,"163":0,"164":0,"167":0,"169":0,"172":0,"173":0,"174":0,"178":0,"179":0,"180":0,"181":0,"184":0,"185":0,"187":0,"191":0,"192":0,"193":0,"197":0,"198":0,"201":0,"202":0,"203":0,"207":0,"208":0,"209":0,"210":0,"211":0,"214":0,"215":0,"216":0,"217":0,"221":0,"225":1,"226":0,"227":0,"228":0,"230":0,"231":0,"233":0,"235":0,"236":0,"240":0,"241":0,"242":0,"245":0,"247":0,"248":0,"251":0,"253":0,"256":1,"257":0,"259":0,"260":0,"261":0,"263":0,"264":0,"265":0,"266":0,"267":0,"270":0,"275":1,"276":0,"277":0,"279":0,"280":0,"281":0,"283":0,"286":0,"287":0,"288":0,"289":0,"290":0,"293":0,"294":0,"295":0,"297":0,"298":0,"299":0,"300":0,"301":0,"304":0,"305":0,"308":0,"309":0,"314":1,"315":0,"316":0,"321":0,"322":0,"323":0,"324":0,"326":0,"327":0,"328":0,"329":0,"331":0,"332":0,"334":0,"337":0,"338":0,"339":0,"340":0,"341":0,"344":0,"345":0,"346":0,"349":0,"350":0,"351":0,"353":0,"354":0,"357":0,"358":0,"359":0,"361":0,"362":0,"364":0,"367":0,"368":0,"369":0,"370":0,"371":0,"374":0,"375":0,"376":0,"379":0,"380":0,"381":0,"383":0,"384":0,"397":1,"399":0,"412":1,"413":0,"414":0,"415":0,"416":0,"417":0,"418":0,"419":0,"421":0,"426":1,"427":0,"429":0,"436":0,"437":0,"438":0,"442":0,"446":0,"447":0,"448":0,"449":0,"451":0,"455":0,"456":0,"457":0,"460":0,"463":1,"466":0,"467":0,"468":0}},"/home/travis/build/npmtest/node-npmtest-node-gyp/node_modules/node-gyp/lib/list.js":{"path":"/home/travis/build/npmtest/node-npmtest-node-gyp/node_modules/node-gyp/lib/list.js","s":{"1":1,"2":1,"3":1,"4":1,"5":0,"6":0,"7":0,"8":1,"9":0,"10":0,"11":0,"12":0,"13":0,"14":0,"15":0},"b":{"1":[0,0],"2":[0,0],"3":[0,0]},"f":{"1":0,"2":0,"3":0},"fnMap":{"1":{"name":"list","line":14,"loc":{"start":{"line":14,"column":0},"end":{"line":14,"column":36}}},"2":{"name":"onreaddir","line":22,"loc":{"start":{"line":22,"column":2},"end":{"line":22,"column":37}}},"3":{"name":"(anonymous_3)","line":27,"loc":{"start":{"line":27,"column":33},"end":{"line":27,"column":46}}}},"statementMap":{"1":{"start":{"line":2,"column":0},"end":{"line":2,"column":31}},"2":{"start":{"line":4,"column":0},"end":{"line":4,"column":84}},"3":{"start":{"line":10,"column":0},"end":{"line":12,"column":27}},"4":{"start":{"line":14,"column":0},"end":{"line":33,"column":1}},"5":{"start":{"line":16,"column":2},"end":{"line":16,"column":25}},"6":{"start":{"line":17,"column":2},"end":{"line":17,"column":52}},"7":{"start":{"line":20,"column":2},"end":{"line":20,"column":31}},"8":{"start":{"line":22,"column":2},"end":{"line":32,"column":3}},"9":{"start":{"line":23,"column":4},"end":{"line":25,"column":5}},"10":{"start":{"line":24,"column":6},"end":{"line":24,"column":26}},"11":{"start":{"line":26,"column":4},"end":{"line":30,"column":5}},"12":{"start":{"line":27,"column":6},"end":{"line":27,"column":72}},"13":{"start":{"line":27,"column":48},"end":{"line":27,"column":70}},"14":{"start":{"line":29,"column":6},"end":{"line":29,"column":19}},"15":{"start":{"line":31,"column":4},"end":{"line":31,"column":28}}},"branchMap":{"1":{"line":23,"type":"if","locations":[{"start":{"line":23,"column":4},"end":{"line":23,"column":4}},{"start":{"line":23,"column":4},"end":{"line":23,"column":4}}]},"2":{"line":23,"type":"binary-expr","locations":[{"start":{"line":23,"column":8},"end":{"line":23,"column":11}},{"start":{"line":23,"column":15},"end":{"line":23,"column":35}}]},"3":{"line":26,"type":"if","locations":[{"start":{"line":26,"column":4},"end":{"line":26,"column":4}},{"start":{"line":26,"column":4},"end":{"line":26,"column":4}}]}},"code":["","module.exports = exports = list","","exports.usage = 'Prints a listing of the currently installed node development files'","","/**"," * Module dependencies."," */","","var fs = require('graceful-fs')","  , path = require('path')","  , log = require('npmlog')","","function list (gyp, args, callback) {","","  var devDir = gyp.devDir","  log.verbose('list', 'using node-gyp dir:', devDir)","","  // readdir() the node-gyp dir","  fs.readdir(devDir, onreaddir)","","  function onreaddir (err, versions) {","    if (err && err.code != 'ENOENT') {","      return callback(err)","    }","    if (Array.isArray(versions)) {","      versions = versions.filter(function (v) { return v != 'current' })","    } else {","      versions = []","    }","    callback(null, versions)","  }","}",""],"l":{"2":1,"4":1,"10":1,"14":1,"16":0,"17":0,"20":0,"22":1,"23":0,"24":0,"26":0,"27":0,"29":0,"31":0}},"/home/travis/build/npmtest/node-npmtest-node-gyp/node_modules/node-gyp/lib/rebuild.js":{"path":"/home/travis/build/npmtest/node-npmtest-node-gyp/node_modules/node-gyp/lib/rebuild.js","s":{"1":1,"2":1,"3":1,"4":0,"5":0},"b":{},"f":{"1":0},"fnMap":{"1":{"name":"rebuild","line":6,"loc":{"start":{"line":6,"column":0},"end":{"line":6,"column":39}}}},"statementMap":{"1":{"start":{"line":2,"column":0},"end":{"line":2,"column":34}},"2":{"start":{"line":4,"column":0},"end":{"line":4,"column":67}},"3":{"start":{"line":6,"column":0},"end":{"line":14,"column":1}},"4":{"start":{"line":8,"column":2},"end":{"line":12,"column":3}},"5":{"start":{"line":13,"column":2},"end":{"line":13,"column":28}}},"branchMap":{},"code":["","module.exports = exports = rebuild","","exports.usage = 'Runs \"clean\", \"configure\" and \"build\" all at once'","","function rebuild (gyp, argv, callback) {","","  gyp.todo.push(","      { name: 'clean', args: [] }","    , { name: 'configure', args: argv }","    , { name: 'build', args: [] }","  )","  process.nextTick(callback)","}",""],"l":{"2":1,"4":1,"6":1,"8":0,"13":0}},"/home/travis/build/npmtest/node-npmtest-node-gyp/node_modules/node-gyp/lib/remove.js":{"path":"/home/travis/build/npmtest/node-npmtest-node-gyp/node_modules/node-gyp/lib/remove.js","s":{"1":1,"2":1,"3":1,"4":1,"5":0,"6":0,"7":0,"8":0,"9":0,"10":0,"11":0,"12":0,"13":0,"14":0,"15":0,"16":0,"17":0,"18":0,"19":0,"20":0,"21":0,"22":0},"b":{"1":[0,0],"2":[0,0],"3":[0,0],"4":[0,0],"5":[0,0]},"f":{"1":0,"2":0},"fnMap":{"1":{"name":"remove","line":16,"loc":{"start":{"line":16,"column":0},"end":{"line":16,"column":38}}},"2":{"name":"(anonymous_2)","line":39,"loc":{"start":{"line":39,"column":23},"end":{"line":39,"column":44}}}},"statementMap":{"1":{"start":{"line":2,"column":0},"end":{"line":2,"column":33}},"2":{"start":{"line":4,"column":0},"end":{"line":4,"column":78}},"3":{"start":{"line":10,"column":0},"end":{"line":14,"column":30}},"4":{"start":{"line":16,"column":0},"end":{"line":52,"column":1}},"5":{"start":{"line":18,"column":2},"end":{"line":18,"column":25}},"6":{"start":{"line":19,"column":2},"end":{"line":19,"column":54}},"7":{"start":{"line":22,"column":2},"end":{"line":22,"column":42}},"8":{"start":{"line":23,"column":2},"end":{"line":23,"column":60}},"9":{"start":{"line":25,"column":2},"end":{"line":27,"column":3}},"10":{"start":{"line":26,"column":4},"end":{"line":26,"column":108}},"11":{"start":{"line":29,"column":2},"end":{"line":29,"column":43}},"12":{"start":{"line":30,"column":2},"end":{"line":33,"column":3}},"13":{"start":{"line":32,"column":4},"end":{"line":32,"column":35}},"14":{"start":{"line":35,"column":2},"end":{"line":35,"column":53}},"15":{"start":{"line":36,"column":2},"end":{"line":36,"column":75}},"16":{"start":{"line":39,"column":2},"end":{"line":50,"column":4}},"17":{"start":{"line":40,"column":4},"end":{"line":47,"column":5}},"18":{"start":{"line":41,"column":6},"end":{"line":45,"column":7}},"19":{"start":{"line":42,"column":8},"end":{"line":42,"column":69}},"20":{"start":{"line":44,"column":8},"end":{"line":44,"column":21}},"21":{"start":{"line":46,"column":6},"end":{"line":46,"column":12}},"22":{"start":{"line":49,"column":4},"end":{"line":49,"column":29}}},"branchMap":{"1":{"line":22,"type":"binary-expr","locations":[{"start":{"line":22,"column":16},"end":{"line":22,"column":23}},{"start":{"line":22,"column":27},"end":{"line":22,"column":42}}]},"2":{"line":25,"type":"if","locations":[{"start":{"line":25,"column":2},"end":{"line":25,"column":2}},{"start":{"line":25,"column":2},"end":{"line":25,"column":2}}]},"3":{"line":30,"type":"if","locations":[{"start":{"line":30,"column":2},"end":{"line":30,"column":2}},{"start":{"line":30,"column":2},"end":{"line":30,"column":2}}]},"4":{"line":40,"type":"if","locations":[{"start":{"line":40,"column":4},"end":{"line":40,"column":4}},{"start":{"line":40,"column":4},"end":{"line":40,"column":4}}]},"5":{"line":41,"type":"if","locations":[{"start":{"line":41,"column":6},"end":{"line":41,"column":6}},{"start":{"line":41,"column":6},"end":{"line":41,"column":6}}]}},"code":["","module.exports = exports = remove","","exports.usage = 'Removes the node development files for the specified version'","","/**"," * Module dependencies."," */","","var fs = require('fs')","  , rm = require('rimraf')","  , path = require('path')","  , log = require('npmlog')","  , semver = require('semver')","","function remove (gyp, argv, callback) {","","  var devDir = gyp.devDir","  log.verbose('remove', 'using node-gyp dir:', devDir)","","  // get the user-specified version to remove","  var version = argv[0] || gyp.opts.target","  log.verbose('remove', 'removing target version:', version)","","  if (!version) {","    return callback(new Error('You must specify a version number to remove. Ex: \"' + process.version + '\"'))","  }","","  var versionSemver = semver.parse(version)","  if (versionSemver) {","    // flatten the version Array into a String","    version = versionSemver.version","  }","","  var versionPath = path.resolve(gyp.devDir, version)","  log.verbose('remove', 'removing development files for version:', version)","","  // first check if its even installed","  fs.stat(versionPath, function (err, stat) {","    if (err) {","      if (err.code == 'ENOENT') {","        callback(null, 'version was already uninstalled: ' + version)","      } else {","        callback(err)","      }","      return","    }","    // Go ahead and delete the dir","    rm(versionPath, callback)","  })","","}",""],"l":{"2":1,"4":1,"10":1,"16":1,"18":0,"19":0,"22":0,"23":0,"25":0,"26":0,"29":0,"30":0,"32":0,"35":0,"36":0,"39":0,"40":0,"41":0,"42":0,"44":0,"46":0,"49":0}}}